This file contains any messages produced by compilers while
running configure, to aid debugging if configure makes a mistake.

It was created by lame configure 3.100, which was
generated by GNU Autoconf 2.69.  Invocation command line was

  $ ./configure 

## --------- ##
## Platform. ##
## --------- ##

hostname = b9mp.local
uname -m = x86_64
uname -r = 20.6.0
uname -s = Darwin
uname -v = Darwin Kernel Version 20.6.0: Wed Jun 23 00:26:31 PDT 2021; root:xnu-7195.141.2~5/RELEASE_X86_64

/usr/bin/uname -p = i386
/bin/uname -X     = unknown

/bin/arch              = unknown
/usr/bin/arch -k       = unknown
/usr/convex/getsysinfo = unknown
/usr/bin/hostinfo      = Mach kernel version:
	 Darwin Kernel Version 20.6.0: Wed Jun 23 00:26:31 PDT 2021; root:xnu-7195.141.2~5/RELEASE_X86_64
Kernel configured for up to 4 processors.
2 processors are physically available.
4 processors are logically available.
Processor type: x86_64h (Intel x86-64h Haswell)
Processors active: 0 1 2 3
Primary memory available: 8.00 gigabytes
Default processor set: 493 tasks, 2556 threads, 4 processors
Load average: 2.29, Mach factor: 1.82
/bin/machine           = unknown
/usr/bin/oslevel       = unknown
/bin/universe          = unknown

PATH: /usr/local/opt/sphinx-doc/bin
PATH: /Users/BB9z/.nvm/versions/node/v9.4.0/bin
PATH: /usr/local/bin
PATH: /usr/bin
PATH: /bin
PATH: /usr/sbin
PATH: /sbin


## ----------- ##
## Core tests. ##
## ----------- ##

configure:2594: checking build system type
configure:2608: result: x86_64-apple-darwin20.6.0
configure:2628: checking host system type
configure:2641: result: x86_64-apple-darwin20.6.0
configure:2678: checking for a BSD-compatible install
configure:2746: result: /usr/bin/install -c
configure:2757: checking whether build environment is sane
configure:2812: result: yes
configure:2850: WARNING: 'missing' script is too old or missing
configure:2963: checking for a thread-safe mkdir -p
configure:3002: result: ./install-sh -c -d
configure:3009: checking for gawk
configure:3039: result: no
configure:3009: checking for mawk
configure:3039: result: no
configure:3009: checking for nawk
configure:3039: result: no
configure:3009: checking for awk
configure:3025: found /usr/bin/awk
configure:3036: result: awk
configure:3047: checking whether make sets $(MAKE)
configure:3069: result: yes
configure:3098: checking whether make supports nested variables
configure:3115: result: yes
configure:3246: checking whether to enable maintainer-specific portions of Makefiles
configure:3255: result: no
configure:3275: checking for style of include used by make
configure:3303: result: GNU
configure:3380: checking for gcc
configure:3396: found /usr/bin/gcc
configure:3407: result: gcc
configure:3636: checking for C compiler version
configure:3645: gcc --version >&5
Apple clang version 12.0.5 (clang-1205.0.22.11)
Target: x86_64-apple-darwin20.6.0
Thread model: posix
InstalledDir: /Applications/Xcode.app/Contents/Developer/Toolchains/XcodeDefault.xctoolchain/usr/bin
Configured with: --prefix=/Applications/Xcode.app/Contents/Developer/usr --with-gxx-include-dir=/Applications/Xcode.app/Contents/Developer/Platforms/MacOSX.platform/Developer/SDKs/MacOSX.sdk/usr/include/c++/4.2.1
configure:3656: $? = 0
configure:3645: gcc -v >&5
Configured with: --prefix=/Applications/Xcode.app/Contents/Developer/usr --with-gxx-include-dir=/Applications/Xcode.app/Contents/Developer/Platforms/MacOSX.platform/Developer/SDKs/MacOSX.sdk/usr/include/c++/4.2.1
Apple clang version 12.0.5 (clang-1205.0.22.11)
Target: x86_64-apple-darwin20.6.0
Thread model: posix
InstalledDir: /Applications/Xcode.app/Contents/Developer/Toolchains/XcodeDefault.xctoolchain/usr/bin
configure:3656: $? = 0
configure:3645: gcc -V >&5
clang: error: argument to '-V' is missing (expected 1 value)
clang: error: no input files
configure:3656: $? = 1
configure:3645: gcc -qversion >&5
clang: error: unknown argument '-qversion'; did you mean '--version'?
clang: error: no input files
configure:3656: $? = 1
configure:3676: checking whether the C compiler works
configure:3698: gcc    conftest.c  >&5
configure:3702: $? = 0
configure:3750: result: yes
configure:3753: checking for C compiler default output file name
configure:3755: result: a.out
configure:3761: checking for suffix of executables
configure:3768: gcc -o conftest    conftest.c  >&5
configure:3772: $? = 0
configure:3794: result: 
configure:3816: checking whether we are cross compiling
configure:3824: gcc -o conftest    conftest.c  >&5
configure:3828: $? = 0
configure:3835: ./conftest
configure:3839: $? = 0
configure:3854: result: no
configure:3859: checking for suffix of object files
configure:3881: gcc -c   conftest.c >&5
configure:3885: $? = 0
configure:3906: result: o
configure:3910: checking whether we are using the GNU C compiler
configure:3929: gcc -c   conftest.c >&5
configure:3929: $? = 0
configure:3938: result: yes
configure:3947: checking whether gcc accepts -g
configure:3967: gcc -c -g  conftest.c >&5
configure:3967: $? = 0
configure:4008: result: yes
configure:4025: checking for gcc option to accept ISO C89
configure:4088: gcc  -c -g -O2  conftest.c >&5
configure:4088: $? = 0
configure:4101: result: none needed
configure:4126: checking whether gcc understands -c and -o together
configure:4148: gcc -c conftest.c -o conftest2.o
configure:4151: $? = 0
configure:4148: gcc -c conftest.c -o conftest2.o
configure:4151: $? = 0
configure:4163: result: yes
configure:4182: checking dependency style of gcc
configure:4293: result: none
configure:4314: checking how to run the C preprocessor
configure:4345: gcc -E  conftest.c
configure:4345: $? = 0
configure:4359: gcc -E  conftest.c
conftest.c:11:10: fatal error: 'ac_nonexistent.h' file not found
#include <ac_nonexistent.h>
         ^~~~~~~~~~~~~~~~~~
1 error generated.
configure:4359: $? = 1
configure: failed program was:
| /* confdefs.h */
| #define PACKAGE_NAME "lame"
| #define PACKAGE_TARNAME "lame"
| #define PACKAGE_VERSION "3.100"
| #define PACKAGE_STRING "lame 3.100"
| #define PACKAGE_BUGREPORT "lame-dev@lists.sf.net"
| #define PACKAGE_URL ""
| #define PACKAGE "lame"
| #define VERSION "3.100"
| /* end confdefs.h.  */
| #include <ac_nonexistent.h>
configure:4384: result: gcc -E
configure:4404: gcc -E  conftest.c
configure:4404: $? = 0
configure:4418: gcc -E  conftest.c
conftest.c:11:10: fatal error: 'ac_nonexistent.h' file not found
#include <ac_nonexistent.h>
         ^~~~~~~~~~~~~~~~~~
1 error generated.
configure:4418: $? = 1
configure: failed program was:
| /* confdefs.h */
| #define PACKAGE_NAME "lame"
| #define PACKAGE_TARNAME "lame"
| #define PACKAGE_VERSION "3.100"
| #define PACKAGE_STRING "lame 3.100"
| #define PACKAGE_BUGREPORT "lame-dev@lists.sf.net"
| #define PACKAGE_URL ""
| #define PACKAGE "lame"
| #define VERSION "3.100"
| /* end confdefs.h.  */
| #include <ac_nonexistent.h>
configure:4447: checking for grep that handles long lines and -e
configure:4505: result: /usr/bin/grep
configure:4510: checking for egrep
configure:4572: result: /usr/bin/grep -E
configure:4577: checking for ANSI C header files
configure:4597: gcc -c -g -O2  conftest.c >&5
configure:4597: $? = 0
configure:4670: gcc -o conftest -g -O2   conftest.c  >&5
configure:4670: $? = 0
configure:4670: ./conftest
configure:4670: $? = 0
configure:4681: result: yes
configure:4694: checking for sys/types.h
configure:4694: gcc -c -g -O2  conftest.c >&5
configure:4694: $? = 0
configure:4694: result: yes
configure:4694: checking for sys/stat.h
configure:4694: gcc -c -g -O2  conftest.c >&5
configure:4694: $? = 0
configure:4694: result: yes
configure:4694: checking for stdlib.h
configure:4694: gcc -c -g -O2  conftest.c >&5
configure:4694: $? = 0
configure:4694: result: yes
configure:4694: checking for string.h
configure:4694: gcc -c -g -O2  conftest.c >&5
configure:4694: $? = 0
configure:4694: result: yes
configure:4694: checking for memory.h
configure:4694: gcc -c -g -O2  conftest.c >&5
configure:4694: $? = 0
configure:4694: result: yes
configure:4694: checking for strings.h
configure:4694: gcc -c -g -O2  conftest.c >&5
configure:4694: $? = 0
configure:4694: result: yes
configure:4694: checking for inttypes.h
configure:4694: gcc -c -g -O2  conftest.c >&5
configure:4694: $? = 0
configure:4694: result: yes
configure:4694: checking for stdint.h
configure:4694: gcc -c -g -O2  conftest.c >&5
configure:4694: $? = 0
configure:4694: result: yes
configure:4694: checking for unistd.h
configure:4694: gcc -c -g -O2  conftest.c >&5
configure:4694: $? = 0
configure:4694: result: yes
configure:4707: checking minix/config.h usability
configure:4707: gcc -c -g -O2  conftest.c >&5
conftest.c:54:10: fatal error: 'minix/config.h' file not found
#include <minix/config.h>
         ^~~~~~~~~~~~~~~~
1 error generated.
configure:4707: $? = 1
configure: failed program was:
| /* confdefs.h */
| #define PACKAGE_NAME "lame"
| #define PACKAGE_TARNAME "lame"
| #define PACKAGE_VERSION "3.100"
| #define PACKAGE_STRING "lame 3.100"
| #define PACKAGE_BUGREPORT "lame-dev@lists.sf.net"
| #define PACKAGE_URL ""
| #define PACKAGE "lame"
| #define VERSION "3.100"
| #define STDC_HEADERS 1
| #define HAVE_SYS_TYPES_H 1
| #define HAVE_SYS_STAT_H 1
| #define HAVE_STDLIB_H 1
| #define HAVE_STRING_H 1
| #define HAVE_MEMORY_H 1
| #define HAVE_STRINGS_H 1
| #define HAVE_INTTYPES_H 1
| #define HAVE_STDINT_H 1
| #define HAVE_UNISTD_H 1
| /* end confdefs.h.  */
| #include <stdio.h>
| #ifdef HAVE_SYS_TYPES_H
| # include <sys/types.h>
| #endif
| #ifdef HAVE_SYS_STAT_H
| # include <sys/stat.h>
| #endif
| #ifdef STDC_HEADERS
| # include <stdlib.h>
| # include <stddef.h>
| #else
| # ifdef HAVE_STDLIB_H
| #  include <stdlib.h>
| # endif
| #endif
| #ifdef HAVE_STRING_H
| # if !defined STDC_HEADERS && defined HAVE_MEMORY_H
| #  include <memory.h>
| # endif
| # include <string.h>
| #endif
| #ifdef HAVE_STRINGS_H
| # include <strings.h>
| #endif
| #ifdef HAVE_INTTYPES_H
| # include <inttypes.h>
| #endif
| #ifdef HAVE_STDINT_H
| # include <stdint.h>
| #endif
| #ifdef HAVE_UNISTD_H
| # include <unistd.h>
| #endif
| #include <minix/config.h>
configure:4707: result: no
configure:4707: checking minix/config.h presence
configure:4707: gcc -E  conftest.c
conftest.c:21:10: fatal error: 'minix/config.h' file not found
#include <minix/config.h>
         ^~~~~~~~~~~~~~~~
1 error generated.
configure:4707: $? = 1
configure: failed program was:
| /* confdefs.h */
| #define PACKAGE_NAME "lame"
| #define PACKAGE_TARNAME "lame"
| #define PACKAGE_VERSION "3.100"
| #define PACKAGE_STRING "lame 3.100"
| #define PACKAGE_BUGREPORT "lame-dev@lists.sf.net"
| #define PACKAGE_URL ""
| #define PACKAGE "lame"
| #define VERSION "3.100"
| #define STDC_HEADERS 1
| #define HAVE_SYS_TYPES_H 1
| #define HAVE_SYS_STAT_H 1
| #define HAVE_STDLIB_H 1
| #define HAVE_STRING_H 1
| #define HAVE_MEMORY_H 1
| #define HAVE_STRINGS_H 1
| #define HAVE_INTTYPES_H 1
| #define HAVE_STDINT_H 1
| #define HAVE_UNISTD_H 1
| /* end confdefs.h.  */
| #include <minix/config.h>
configure:4707: result: no
configure:4707: checking for minix/config.h
configure:4707: result: no
configure:4728: checking whether it is safe to define __EXTENSIONS__
configure:4746: gcc -c -g -O2  conftest.c >&5
configure:4746: $? = 0
configure:4753: result: yes
configure:4768: checking for library containing strerror
configure:4799: gcc -o conftest -g -O2   conftest.c  >&5
conftest.c:33:6: warning: incompatible redeclaration of library function 'strerror' [-Wincompatible-library-redeclaration]
char strerror ();
     ^
conftest.c:33:6: note: 'strerror' is a builtin with type 'char *(int)'
1 warning generated.
configure:4799: $? = 0
configure:4816: result: none required
configure:4877: checking how to print strings
configure:4904: result: printf
configure:4925: checking for a sed that does not truncate output
configure:4989: result: /usr/bin/sed
configure:5007: checking for fgrep
configure:5069: result: /usr/bin/grep -F
configure:5104: checking for ld used by gcc
configure:5171: result: /Applications/Xcode.app/Contents/Developer/Toolchains/XcodeDefault.xctoolchain/usr/bin/ld
configure:5178: checking if the linker (/Applications/Xcode.app/Contents/Developer/Toolchains/XcodeDefault.xctoolchain/usr/bin/ld) is GNU ld
configure:5193: result: no
configure:5205: checking for BSD- or MS-compatible name lister (nm)
configure:5259: result: /usr/bin/nm -B
configure:5389: checking the name lister (/usr/bin/nm -B) interface
configure:5396: gcc -c -g -O2  conftest.c >&5
configure:5399: /usr/bin/nm -B "conftest.o"
configure:5402: output
0000000000000248 S _some_variable
configure:5409: result: BSD nm
configure:5412: checking whether ln -s works
configure:5416: result: yes
configure:5424: checking the maximum length of command line arguments
configure:5555: result: 786432
configure:5603: checking how to convert x86_64-apple-darwin20.6.0 file names to x86_64-apple-darwin20.6.0 format
configure:5643: result: func_convert_file_noop
configure:5650: checking how to convert x86_64-apple-darwin20.6.0 file names to toolchain format
configure:5670: result: func_convert_file_noop
configure:5677: checking for /Applications/Xcode.app/Contents/Developer/Toolchains/XcodeDefault.xctoolchain/usr/bin/ld option to reload object files
configure:5684: result: -r
configure:5758: checking for objdump
configure:5774: found /usr/bin/objdump
configure:5785: result: objdump
configure:5817: checking how to recognize dependent libraries
configure:6017: result: pass_all
configure:6102: checking for dlltool
configure:6132: result: no
configure:6162: checking how to associate runtime and link libraries
configure:6189: result: printf %s\n
configure:6249: checking for ar
configure:6265: found /usr/bin/ar
configure:6276: result: ar
configure:6313: checking for archiver @FILE support
configure:6330: gcc -c -g -O2  conftest.c >&5
configure:6330: $? = 0
configure:6333: ar cru libconftest.a @conftest.lst >&5
ar: @conftest.lst: No such file or directory
configure:6336: $? = 1
configure:6356: result: no
configure:6414: checking for strip
configure:6430: found /usr/bin/strip
configure:6441: result: strip
configure:6513: checking for ranlib
configure:6529: found /usr/bin/ranlib
configure:6540: result: ranlib
configure:6642: checking command to parse /usr/bin/nm -B output from gcc object
configure:6795: gcc -c -g -O2  conftest.c >&5
configure:6798: $? = 0
configure:6802: /usr/bin/nm -B conftest.o \| sed -n -e 's/^.*[ ]\([BCDEGRST][BCDEGRST]*\)[ ][ ]*\([_A-Za-z][_A-Za-z0-9]*\)$/\1 \2 \2/p' | sed '/ __gnu_lto/d' \> conftest.nm
configure:6805: $? = 0
cannot find nm_test_var in conftest.nm
configure:6795: gcc -c -g -O2  conftest.c >&5
configure:6798: $? = 0
configure:6802: /usr/bin/nm -B conftest.o \| sed -n -e 's/^.*[ ]\([BCDEGRST][BCDEGRST]*\)[ ][ ]*_\([_A-Za-z][_A-Za-z0-9]*\)$/\1 _\2 \2/p' | sed '/ __gnu_lto/d' \> conftest.nm
configure:6805: $? = 0
configure:6871: gcc -o conftest -g -O2   conftest.c conftstm.o >&5
warning: (x86_64)  could not find object file symbol for symbol _main
configure:6874: $? = 0
configure:6912: result: ok
configure:6959: checking for sysroot
configure:6989: result: no
configure:6996: checking for a working dd
configure:7034: result: /bin/dd
configure:7038: checking how to truncate binary pipes
configure:7053: result: /bin/dd bs=4096 count=1
configure:7382: checking for mt
configure:7412: result: no
configure:7432: checking if : is a manifest tool
configure:7438: : '-?'
configure:7446: result: no
configure:7502: checking for dsymutil
configure:7518: found /usr/bin/dsymutil
configure:7529: result: dsymutil
configure:7594: checking for nmedit
configure:7610: found /usr/bin/nmedit
configure:7621: result: nmedit
configure:7686: checking for lipo
configure:7702: found /usr/bin/lipo
configure:7713: result: lipo
configure:7778: checking for otool
configure:7794: found /usr/bin/otool
configure:7805: result: otool
configure:7870: checking for otool64
configure:7900: result: no
configure:7945: checking for -single_module linker flag
gcc -g -O2  -o libconftest.dylib -dynamiclib -Wl,-single_module conftest.c
configure:7978: result: yes
configure:7981: checking for -exported_symbols_list linker flag
configure:8001: gcc -o conftest -g -O2   -Wl,-exported_symbols_list,conftest.sym conftest.c  >&5
configure:8001: $? = 0
configure:8011: result: yes
configure:8014: checking for -force_load linker flag
gcc -g -O2 -c -o conftest.o conftest.c
ar cru libconftest.a conftest.o
ranlib libconftest.a
gcc -g -O2  -o conftest conftest.c -Wl,-force_load,./libconftest.a
configure:8046: result: yes
configure:8120: checking for dlfcn.h
configure:8120: gcc -c -g -O2  conftest.c >&5
configure:8120: $? = 0
configure:8120: result: yes
configure:8376: checking for objdir
configure:8391: result: .libs
configure:8651: checking if gcc supports -fno-rtti -fno-exceptions
configure:8669: gcc -c -g -O2  -fno-rtti -fno-exceptions conftest.c >&5
configure:8673: $? = 0
configure:8686: result: yes
configure:9044: checking for gcc option to produce PIC
configure:9051: result: -fno-common -DPIC
configure:9059: checking if gcc PIC flag -fno-common -DPIC works
configure:9077: gcc -c -g -O2  -fno-common -DPIC -DPIC conftest.c >&5
configure:9081: $? = 0
configure:9094: result: yes
configure:9123: checking if gcc static flag -static works
configure:9151: result: no
configure:9166: checking if gcc supports -c -o file.o
configure:9187: gcc -c -g -O2  -o out/conftest2.o conftest.c >&5
configure:9191: $? = 0
configure:9213: result: yes
configure:9221: checking if gcc supports -c -o file.o
configure:9268: result: yes
configure:9301: checking whether the gcc linker (/Applications/Xcode.app/Contents/Developer/Toolchains/XcodeDefault.xctoolchain/usr/bin/ld) supports shared libraries
configure:10560: result: yes
configure:10800: checking dynamic linker characteristics
configure:11618: result: darwin20.6.0 dyld
configure:11740: checking how to hardcode library paths into programs
configure:11765: result: immediate
configure:12313: checking whether stripping libraries is possible
configure:12327: result: yes
configure:12353: checking if libtool supports shared libraries
configure:12355: result: yes
configure:12358: checking whether to build shared libraries
configure:12383: result: yes
configure:12386: checking whether to build static libraries
configure:12390: result: yes
configure:12494: checking for gcc
configure:12521: result: gcc
configure:12750: checking for C compiler version
configure:12759: gcc --version >&5
Apple clang version 12.0.5 (clang-1205.0.22.11)
Target: x86_64-apple-darwin20.6.0
Thread model: posix
InstalledDir: /Applications/Xcode.app/Contents/Developer/Toolchains/XcodeDefault.xctoolchain/usr/bin
Configured with: --prefix=/Applications/Xcode.app/Contents/Developer/usr --with-gxx-include-dir=/Applications/Xcode.app/Contents/Developer/Platforms/MacOSX.platform/Developer/SDKs/MacOSX.sdk/usr/include/c++/4.2.1
configure:12770: $? = 0
configure:12759: gcc -v >&5
Configured with: --prefix=/Applications/Xcode.app/Contents/Developer/usr --with-gxx-include-dir=/Applications/Xcode.app/Contents/Developer/Platforms/MacOSX.platform/Developer/SDKs/MacOSX.sdk/usr/include/c++/4.2.1
Apple clang version 12.0.5 (clang-1205.0.22.11)
Target: x86_64-apple-darwin20.6.0
Thread model: posix
InstalledDir: /Applications/Xcode.app/Contents/Developer/Toolchains/XcodeDefault.xctoolchain/usr/bin
configure:12770: $? = 0
configure:12759: gcc -V >&5
clang: error: argument to '-V' is missing (expected 1 value)
clang: error: no input files
configure:12770: $? = 1
configure:12759: gcc -qversion >&5
clang: error: unknown argument '-qversion'; did you mean '--version'?
clang: error: no input files
configure:12770: $? = 1
configure:12774: checking whether we are using the GNU C compiler
configure:12802: result: yes
configure:12811: checking whether gcc accepts -g
configure:12872: result: yes
configure:12889: checking for gcc option to accept ISO C89
configure:12965: result: none needed
configure:12990: checking whether gcc understands -c and -o together
configure:13027: result: yes
configure:13046: checking dependency style of gcc
configure:13157: result: none
configure:13174: checking compiler
configure:13185: result: clang
configure:13217: checking version of clang
configure:13220: result: 12.0.5
configure:13227: checking dmalloc.h usability
configure:13227: gcc -c   conftest.c >&5
conftest.c:61:10: fatal error: 'dmalloc.h' file not found
#include <dmalloc.h>
         ^~~~~~~~~~~
1 error generated.
configure:13227: $? = 1
configure: failed program was:
| /* confdefs.h */
| #define PACKAGE_NAME "lame"
| #define PACKAGE_TARNAME "lame"
| #define PACKAGE_VERSION "3.100"
| #define PACKAGE_STRING "lame 3.100"
| #define PACKAGE_BUGREPORT "lame-dev@lists.sf.net"
| #define PACKAGE_URL ""
| #define PACKAGE "lame"
| #define VERSION "3.100"
| #define STDC_HEADERS 1
| #define HAVE_SYS_TYPES_H 1
| #define HAVE_SYS_STAT_H 1
| #define HAVE_STDLIB_H 1
| #define HAVE_STRING_H 1
| #define HAVE_MEMORY_H 1
| #define HAVE_STRINGS_H 1
| #define HAVE_INTTYPES_H 1
| #define HAVE_STDINT_H 1
| #define HAVE_UNISTD_H 1
| #define __EXTENSIONS__ 1
| #define _ALL_SOURCE 1
| #define _GNU_SOURCE 1
| #define _POSIX_PTHREAD_SEMANTICS 1
| #define _TANDEM_SOURCE 1
| #define HAVE_DLFCN_H 1
| #define LT_OBJDIR ".libs/"
| /* end confdefs.h.  */
| #include <stdio.h>
| #ifdef HAVE_SYS_TYPES_H
| # include <sys/types.h>
| #endif
| #ifdef HAVE_SYS_STAT_H
| # include <sys/stat.h>
| #endif
| #ifdef STDC_HEADERS
| # include <stdlib.h>
| # include <stddef.h>
| #else
| # ifdef HAVE_STDLIB_H
| #  include <stdlib.h>
| # endif
| #endif
| #ifdef HAVE_STRING_H
| # if !defined STDC_HEADERS && defined HAVE_MEMORY_H
| #  include <memory.h>
| # endif
| # include <string.h>
| #endif
| #ifdef HAVE_STRINGS_H
| # include <strings.h>
| #endif
| #ifdef HAVE_INTTYPES_H
| # include <inttypes.h>
| #endif
| #ifdef HAVE_STDINT_H
| # include <stdint.h>
| #endif
| #ifdef HAVE_UNISTD_H
| # include <unistd.h>
| #endif
| #include <dmalloc.h>
configure:13227: result: no
configure:13227: checking dmalloc.h presence
configure:13227: gcc -E  conftest.c
conftest.c:28:10: fatal error: 'dmalloc.h' file not found
#include <dmalloc.h>
         ^~~~~~~~~~~
1 error generated.
configure:13227: $? = 1
configure: failed program was:
| /* confdefs.h */
| #define PACKAGE_NAME "lame"
| #define PACKAGE_TARNAME "lame"
| #define PACKAGE_VERSION "3.100"
| #define PACKAGE_STRING "lame 3.100"
| #define PACKAGE_BUGREPORT "lame-dev@lists.sf.net"
| #define PACKAGE_URL ""
| #define PACKAGE "lame"
| #define VERSION "3.100"
| #define STDC_HEADERS 1
| #define HAVE_SYS_TYPES_H 1
| #define HAVE_SYS_STAT_H 1
| #define HAVE_STDLIB_H 1
| #define HAVE_STRING_H 1
| #define HAVE_MEMORY_H 1
| #define HAVE_STRINGS_H 1
| #define HAVE_INTTYPES_H 1
| #define HAVE_STDINT_H 1
| #define HAVE_UNISTD_H 1
| #define __EXTENSIONS__ 1
| #define _ALL_SOURCE 1
| #define _GNU_SOURCE 1
| #define _POSIX_PTHREAD_SEMANTICS 1
| #define _TANDEM_SOURCE 1
| #define HAVE_DLFCN_H 1
| #define LT_OBJDIR ".libs/"
| /* end confdefs.h.  */
| #include <dmalloc.h>
configure:13227: result: no
configure:13227: checking for dmalloc.h
configure:13227: result: no
configure:13259: checking for ANSI C header files
configure:13363: result: yes
configure:13383: checking errno.h usability
configure:13383: gcc -c   conftest.c >&5
configure:13383: $? = 0
configure:13383: result: yes
configure:13383: checking errno.h presence
configure:13383: gcc -E  conftest.c
configure:13383: $? = 0
configure:13383: result: yes
configure:13383: checking for errno.h
configure:13383: result: yes
configure:13383: checking fcntl.h usability
configure:13383: gcc -c   conftest.c >&5
configure:13383: $? = 0
configure:13383: result: yes
configure:13383: checking fcntl.h presence
configure:13383: gcc -E  conftest.c
configure:13383: $? = 0
configure:13383: result: yes
configure:13383: checking for fcntl.h
configure:13383: result: yes
configure:13383: checking limits.h usability
configure:13383: gcc -c   conftest.c >&5
configure:13383: $? = 0
configure:13383: result: yes
configure:13383: checking limits.h presence
configure:13383: gcc -E  conftest.c
configure:13383: $? = 0
configure:13383: result: yes
configure:13383: checking for limits.h
configure:13383: result: yes
configure:13383: checking for stdint.h
configure:13383: result: yes
configure:13383: checking for string.h
configure:13383: result: yes
configure:13383: checking sys/soundcard.h usability
configure:13383: gcc -c   conftest.c >&5
conftest.c:67:10: fatal error: 'sys/soundcard.h' file not found
#include <sys/soundcard.h>
         ^~~~~~~~~~~~~~~~~
1 error generated.
configure:13383: $? = 1
configure: failed program was:
| /* confdefs.h */
| #define PACKAGE_NAME "lame"
| #define PACKAGE_TARNAME "lame"
| #define PACKAGE_VERSION "3.100"
| #define PACKAGE_STRING "lame 3.100"
| #define PACKAGE_BUGREPORT "lame-dev@lists.sf.net"
| #define PACKAGE_URL ""
| #define PACKAGE "lame"
| #define VERSION "3.100"
| #define STDC_HEADERS 1
| #define HAVE_SYS_TYPES_H 1
| #define HAVE_SYS_STAT_H 1
| #define HAVE_STDLIB_H 1
| #define HAVE_STRING_H 1
| #define HAVE_MEMORY_H 1
| #define HAVE_STRINGS_H 1
| #define HAVE_INTTYPES_H 1
| #define HAVE_STDINT_H 1
| #define HAVE_UNISTD_H 1
| #define __EXTENSIONS__ 1
| #define _ALL_SOURCE 1
| #define _GNU_SOURCE 1
| #define _POSIX_PTHREAD_SEMANTICS 1
| #define _TANDEM_SOURCE 1
| #define HAVE_DLFCN_H 1
| #define LT_OBJDIR ".libs/"
| #define STDC_HEADERS 1
| #define HAVE_ERRNO_H 1
| #define HAVE_FCNTL_H 1
| #define HAVE_LIMITS_H 1
| #define HAVE_STDINT_H 1
| #define HAVE_STRING_H 1
| /* end confdefs.h.  */
| #include <stdio.h>
| #ifdef HAVE_SYS_TYPES_H
| # include <sys/types.h>
| #endif
| #ifdef HAVE_SYS_STAT_H
| # include <sys/stat.h>
| #endif
| #ifdef STDC_HEADERS
| # include <stdlib.h>
| # include <stddef.h>
| #else
| # ifdef HAVE_STDLIB_H
| #  include <stdlib.h>
| # endif
| #endif
| #ifdef HAVE_STRING_H
| # if !defined STDC_HEADERS && defined HAVE_MEMORY_H
| #  include <memory.h>
| # endif
| # include <string.h>
| #endif
| #ifdef HAVE_STRINGS_H
| # include <strings.h>
| #endif
| #ifdef HAVE_INTTYPES_H
| # include <inttypes.h>
| #endif
| #ifdef HAVE_STDINT_H
| # include <stdint.h>
| #endif
| #ifdef HAVE_UNISTD_H
| # include <unistd.h>
| #endif
| #include <sys/soundcard.h>
configure:13383: result: no
configure:13383: checking sys/soundcard.h presence
configure:13383: gcc -E  conftest.c
conftest.c:34:10: fatal error: 'sys/soundcard.h' file not found
#include <sys/soundcard.h>
         ^~~~~~~~~~~~~~~~~
1 error generated.
configure:13383: $? = 1
configure: failed program was:
| /* confdefs.h */
| #define PACKAGE_NAME "lame"
| #define PACKAGE_TARNAME "lame"
| #define PACKAGE_VERSION "3.100"
| #define PACKAGE_STRING "lame 3.100"
| #define PACKAGE_BUGREPORT "lame-dev@lists.sf.net"
| #define PACKAGE_URL ""
| #define PACKAGE "lame"
| #define VERSION "3.100"
| #define STDC_HEADERS 1
| #define HAVE_SYS_TYPES_H 1
| #define HAVE_SYS_STAT_H 1
| #define HAVE_STDLIB_H 1
| #define HAVE_STRING_H 1
| #define HAVE_MEMORY_H 1
| #define HAVE_STRINGS_H 1
| #define HAVE_INTTYPES_H 1
| #define HAVE_STDINT_H 1
| #define HAVE_UNISTD_H 1
| #define __EXTENSIONS__ 1
| #define _ALL_SOURCE 1
| #define _GNU_SOURCE 1
| #define _POSIX_PTHREAD_SEMANTICS 1
| #define _TANDEM_SOURCE 1
| #define HAVE_DLFCN_H 1
| #define LT_OBJDIR ".libs/"
| #define STDC_HEADERS 1
| #define HAVE_ERRNO_H 1
| #define HAVE_FCNTL_H 1
| #define HAVE_LIMITS_H 1
| #define HAVE_STDINT_H 1
| #define HAVE_STRING_H 1
| /* end confdefs.h.  */
| #include <sys/soundcard.h>
configure:13383: result: no
configure:13383: checking for sys/soundcard.h
configure:13383: result: no
configure:13383: checking sys/time.h usability
configure:13383: gcc -c   conftest.c >&5
configure:13383: $? = 0
configure:13383: result: yes
configure:13383: checking sys/time.h presence
configure:13383: gcc -E  conftest.c
configure:13383: $? = 0
configure:13383: result: yes
configure:13383: checking for sys/time.h
configure:13383: result: yes
configure:13383: checking for unistd.h
configure:13383: result: yes
configure:13383: checking linux/soundcard.h usability
configure:13383: gcc -c   conftest.c >&5
conftest.c:69:10: fatal error: 'linux/soundcard.h' file not found
#include <linux/soundcard.h>
         ^~~~~~~~~~~~~~~~~~~
1 error generated.
configure:13383: $? = 1
configure: failed program was:
| /* confdefs.h */
| #define PACKAGE_NAME "lame"
| #define PACKAGE_TARNAME "lame"
| #define PACKAGE_VERSION "3.100"
| #define PACKAGE_STRING "lame 3.100"
| #define PACKAGE_BUGREPORT "lame-dev@lists.sf.net"
| #define PACKAGE_URL ""
| #define PACKAGE "lame"
| #define VERSION "3.100"
| #define STDC_HEADERS 1
| #define HAVE_SYS_TYPES_H 1
| #define HAVE_SYS_STAT_H 1
| #define HAVE_STDLIB_H 1
| #define HAVE_STRING_H 1
| #define HAVE_MEMORY_H 1
| #define HAVE_STRINGS_H 1
| #define HAVE_INTTYPES_H 1
| #define HAVE_STDINT_H 1
| #define HAVE_UNISTD_H 1
| #define __EXTENSIONS__ 1
| #define _ALL_SOURCE 1
| #define _GNU_SOURCE 1
| #define _POSIX_PTHREAD_SEMANTICS 1
| #define _TANDEM_SOURCE 1
| #define HAVE_DLFCN_H 1
| #define LT_OBJDIR ".libs/"
| #define STDC_HEADERS 1
| #define HAVE_ERRNO_H 1
| #define HAVE_FCNTL_H 1
| #define HAVE_LIMITS_H 1
| #define HAVE_STDINT_H 1
| #define HAVE_STRING_H 1
| #define HAVE_SYS_TIME_H 1
| #define HAVE_UNISTD_H 1
| /* end confdefs.h.  */
| #include <stdio.h>
| #ifdef HAVE_SYS_TYPES_H
| # include <sys/types.h>
| #endif
| #ifdef HAVE_SYS_STAT_H
| # include <sys/stat.h>
| #endif
| #ifdef STDC_HEADERS
| # include <stdlib.h>
| # include <stddef.h>
| #else
| # ifdef HAVE_STDLIB_H
| #  include <stdlib.h>
| # endif
| #endif
| #ifdef HAVE_STRING_H
| # if !defined STDC_HEADERS && defined HAVE_MEMORY_H
| #  include <memory.h>
| # endif
| # include <string.h>
| #endif
| #ifdef HAVE_STRINGS_H
| # include <strings.h>
| #endif
| #ifdef HAVE_INTTYPES_H
| # include <inttypes.h>
| #endif
| #ifdef HAVE_STDINT_H
| # include <stdint.h>
| #endif
| #ifdef HAVE_UNISTD_H
| # include <unistd.h>
| #endif
| #include <linux/soundcard.h>
configure:13383: result: no
configure:13383: checking linux/soundcard.h presence
configure:13383: gcc -E  conftest.c
conftest.c:36:10: fatal error: 'linux/soundcard.h' file not found
#include <linux/soundcard.h>
         ^~~~~~~~~~~~~~~~~~~
1 error generated.
configure:13383: $? = 1
configure: failed program was:
| /* confdefs.h */
| #define PACKAGE_NAME "lame"
| #define PACKAGE_TARNAME "lame"
| #define PACKAGE_VERSION "3.100"
| #define PACKAGE_STRING "lame 3.100"
| #define PACKAGE_BUGREPORT "lame-dev@lists.sf.net"
| #define PACKAGE_URL ""
| #define PACKAGE "lame"
| #define VERSION "3.100"
| #define STDC_HEADERS 1
| #define HAVE_SYS_TYPES_H 1
| #define HAVE_SYS_STAT_H 1
| #define HAVE_STDLIB_H 1
| #define HAVE_STRING_H 1
| #define HAVE_MEMORY_H 1
| #define HAVE_STRINGS_H 1
| #define HAVE_INTTYPES_H 1
| #define HAVE_STDINT_H 1
| #define HAVE_UNISTD_H 1
| #define __EXTENSIONS__ 1
| #define _ALL_SOURCE 1
| #define _GNU_SOURCE 1
| #define _POSIX_PTHREAD_SEMANTICS 1
| #define _TANDEM_SOURCE 1
| #define HAVE_DLFCN_H 1
| #define LT_OBJDIR ".libs/"
| #define STDC_HEADERS 1
| #define HAVE_ERRNO_H 1
| #define HAVE_FCNTL_H 1
| #define HAVE_LIMITS_H 1
| #define HAVE_STDINT_H 1
| #define HAVE_STRING_H 1
| #define HAVE_SYS_TIME_H 1
| #define HAVE_UNISTD_H 1
| /* end confdefs.h.  */
| #include <linux/soundcard.h>
configure:13383: result: no
configure:13383: checking for linux/soundcard.h
configure:13383: result: no
configure:13394: checking working SSE intrinsics
configure:13407: gcc -c   conftest.c >&5
configure:13407: $? = 0
configure:13416: result: yes
configure:13419: checking for an ANSI C-conforming const
configure:13485: gcc -c   conftest.c >&5
configure:13485: $? = 0
configure:13492: result: yes
configure:13500: checking for inline
configure:13516: gcc -c   conftest.c >&5
configure:13516: $? = 0
configure:13524: result: inline
configure:13543: checking whether byte ordering is bigendian
configure:13558: gcc -c   conftest.c >&5
configure:13558: $? = 0
configure:13603: gcc -c   conftest.c >&5
configure:13603: $? = 0
configure:13621: gcc -c   conftest.c >&5
conftest.c:44:4: error: use of undeclared identifier 'not'
                 not big endian
                 ^
1 error generated.
configure:13621: $? = 1
configure: failed program was:
| /* confdefs.h */
| #define PACKAGE_NAME "lame"
| #define PACKAGE_TARNAME "lame"
| #define PACKAGE_VERSION "3.100"
| #define PACKAGE_STRING "lame 3.100"
| #define PACKAGE_BUGREPORT "lame-dev@lists.sf.net"
| #define PACKAGE_URL ""
| #define PACKAGE "lame"
| #define VERSION "3.100"
| #define STDC_HEADERS 1
| #define HAVE_SYS_TYPES_H 1
| #define HAVE_SYS_STAT_H 1
| #define HAVE_STDLIB_H 1
| #define HAVE_STRING_H 1
| #define HAVE_MEMORY_H 1
| #define HAVE_STRINGS_H 1
| #define HAVE_INTTYPES_H 1
| #define HAVE_STDINT_H 1
| #define HAVE_UNISTD_H 1
| #define __EXTENSIONS__ 1
| #define _ALL_SOURCE 1
| #define _GNU_SOURCE 1
| #define _POSIX_PTHREAD_SEMANTICS 1
| #define _TANDEM_SOURCE 1
| #define HAVE_DLFCN_H 1
| #define LT_OBJDIR ".libs/"
| #define STDC_HEADERS 1
| #define HAVE_ERRNO_H 1
| #define HAVE_FCNTL_H 1
| #define HAVE_LIMITS_H 1
| #define HAVE_STDINT_H 1
| #define HAVE_STRING_H 1
| #define HAVE_SYS_TIME_H 1
| #define HAVE_UNISTD_H 1
| #define HAVE_XMMINTRIN_H 1
| /* end confdefs.h.  */
| #include <sys/types.h>
| 		#include <sys/param.h>
| 
| int
| main ()
| {
| #if BYTE_ORDER != BIG_ENDIAN
| 		 not big endian
| 		#endif
| 
|   ;
|   return 0;
| }
configure:13749: result: no
configure:13776: checking for special C compiler options needed for large files
configure:13821: result: no
configure:13827: checking for _FILE_OFFSET_BITS value needed for large files
configure:13852: gcc -c   conftest.c >&5
configure:13852: $? = 0
configure:13884: result: no
configure:13974: checking size of short
configure:13979: gcc -o conftest    conftest.c  >&5
configure:13979: $? = 0
configure:13979: ./conftest
configure:13979: $? = 0
configure:13993: result: 2
configure:14007: checking size of unsigned short
configure:14012: gcc -o conftest    conftest.c  >&5
configure:14012: $? = 0
configure:14012: ./conftest
configure:14012: $? = 0
configure:14026: result: 2
configure:14040: checking size of int
configure:14045: gcc -o conftest    conftest.c  >&5
configure:14045: $? = 0
configure:14045: ./conftest
configure:14045: $? = 0
configure:14059: result: 4
configure:14073: checking size of unsigned int
configure:14078: gcc -o conftest    conftest.c  >&5
configure:14078: $? = 0
configure:14078: ./conftest
configure:14078: $? = 0
configure:14092: result: 4
configure:14106: checking size of long
configure:14111: gcc -o conftest    conftest.c  >&5
configure:14111: $? = 0
configure:14111: ./conftest
configure:14111: $? = 0
configure:14125: result: 8
configure:14139: checking size of unsigned long
configure:14144: gcc -o conftest    conftest.c  >&5
configure:14144: $? = 0
configure:14144: ./conftest
configure:14144: $? = 0
configure:14158: result: 8
configure:14172: checking size of long long
configure:14177: gcc -o conftest    conftest.c  >&5
configure:14177: $? = 0
configure:14177: ./conftest
configure:14177: $? = 0
configure:14191: result: 8
configure:14205: checking size of unsigned long long
configure:14210: gcc -o conftest    conftest.c  >&5
configure:14210: $? = 0
configure:14210: ./conftest
configure:14210: $? = 0
configure:14224: result: 8
configure:14238: checking size of float
configure:14243: gcc -o conftest    conftest.c  >&5
configure:14243: $? = 0
configure:14243: ./conftest
configure:14243: $? = 0
configure:14257: result: 4
configure:14271: checking size of double
configure:14276: gcc -o conftest    conftest.c  >&5
configure:14276: $? = 0
configure:14276: ./conftest
configure:14276: $? = 0
configure:14290: result: 8
configure:14320: checking for long double with more range or precision than double
configure:14356: gcc -c   conftest.c >&5
configure:14356: $? = 0
configure:14363: result: yes
configure:14414: checking for uint8_t
configure:14414: gcc -c   conftest.c >&5
configure:14414: $? = 0
configure:14414: gcc -c   conftest.c >&5
conftest.c:85:22: error: expected expression
if (sizeof ((uint8_t)))
                     ^
1 error generated.
configure:14414: $? = 1
configure: failed program was:
| /* confdefs.h */
| #define PACKAGE_NAME "lame"
| #define PACKAGE_TARNAME "lame"
| #define PACKAGE_VERSION "3.100"
| #define PACKAGE_STRING "lame 3.100"
| #define PACKAGE_BUGREPORT "lame-dev@lists.sf.net"
| #define PACKAGE_URL ""
| #define PACKAGE "lame"
| #define VERSION "3.100"
| #define STDC_HEADERS 1
| #define HAVE_SYS_TYPES_H 1
| #define HAVE_SYS_STAT_H 1
| #define HAVE_STDLIB_H 1
| #define HAVE_STRING_H 1
| #define HAVE_MEMORY_H 1
| #define HAVE_STRINGS_H 1
| #define HAVE_INTTYPES_H 1
| #define HAVE_STDINT_H 1
| #define HAVE_UNISTD_H 1
| #define __EXTENSIONS__ 1
| #define _ALL_SOURCE 1
| #define _GNU_SOURCE 1
| #define _POSIX_PTHREAD_SEMANTICS 1
| #define _TANDEM_SOURCE 1
| #define HAVE_DLFCN_H 1
| #define LT_OBJDIR ".libs/"
| #define STDC_HEADERS 1
| #define HAVE_ERRNO_H 1
| #define HAVE_FCNTL_H 1
| #define HAVE_LIMITS_H 1
| #define HAVE_STDINT_H 1
| #define HAVE_STRING_H 1
| #define HAVE_SYS_TIME_H 1
| #define HAVE_UNISTD_H 1
| #define HAVE_XMMINTRIN_H 1
| #define SIZEOF_SHORT 2
| #define SIZEOF_UNSIGNED_SHORT 2
| #define SIZEOF_INT 4
| #define SIZEOF_UNSIGNED_INT 4
| #define SIZEOF_LONG 8
| #define SIZEOF_UNSIGNED_LONG 8
| #define SIZEOF_LONG_LONG 8
| #define SIZEOF_UNSIGNED_LONG_LONG 8
| #define SIZEOF_FLOAT 4
| #define SIZEOF_DOUBLE 8
| #define HAVE_LONG_DOUBLE_WIDER 1
| #define HAVE_LONG_DOUBLE 1
| /* end confdefs.h.  */
| #include <stdio.h>
| #ifdef HAVE_SYS_TYPES_H
| # include <sys/types.h>
| #endif
| #ifdef HAVE_SYS_STAT_H
| # include <sys/stat.h>
| #endif
| #ifdef STDC_HEADERS
| # include <stdlib.h>
| # include <stddef.h>
| #else
| # ifdef HAVE_STDLIB_H
| #  include <stdlib.h>
| # endif
| #endif
| #ifdef HAVE_STRING_H
| # if !defined STDC_HEADERS && defined HAVE_MEMORY_H
| #  include <memory.h>
| # endif
| # include <string.h>
| #endif
| #ifdef HAVE_STRINGS_H
| # include <strings.h>
| #endif
| #ifdef HAVE_INTTYPES_H
| # include <inttypes.h>
| #endif
| #ifdef HAVE_STDINT_H
| # include <stdint.h>
| #endif
| #ifdef HAVE_UNISTD_H
| # include <unistd.h>
| #endif
| int
| main ()
| {
| if (sizeof ((uint8_t)))
| 	    return 0;
|   ;
|   return 0;
| }
configure:14414: result: yes
configure:14423: checking for int8_t
configure:14423: gcc -c   conftest.c >&5
configure:14423: $? = 0
configure:14423: gcc -c   conftest.c >&5
conftest.c:86:21: error: expected expression
if (sizeof ((int8_t)))
                    ^
1 error generated.
configure:14423: $? = 1
configure: failed program was:
| /* confdefs.h */
| #define PACKAGE_NAME "lame"
| #define PACKAGE_TARNAME "lame"
| #define PACKAGE_VERSION "3.100"
| #define PACKAGE_STRING "lame 3.100"
| #define PACKAGE_BUGREPORT "lame-dev@lists.sf.net"
| #define PACKAGE_URL ""
| #define PACKAGE "lame"
| #define VERSION "3.100"
| #define STDC_HEADERS 1
| #define HAVE_SYS_TYPES_H 1
| #define HAVE_SYS_STAT_H 1
| #define HAVE_STDLIB_H 1
| #define HAVE_STRING_H 1
| #define HAVE_MEMORY_H 1
| #define HAVE_STRINGS_H 1
| #define HAVE_INTTYPES_H 1
| #define HAVE_STDINT_H 1
| #define HAVE_UNISTD_H 1
| #define __EXTENSIONS__ 1
| #define _ALL_SOURCE 1
| #define _GNU_SOURCE 1
| #define _POSIX_PTHREAD_SEMANTICS 1
| #define _TANDEM_SOURCE 1
| #define HAVE_DLFCN_H 1
| #define LT_OBJDIR ".libs/"
| #define STDC_HEADERS 1
| #define HAVE_ERRNO_H 1
| #define HAVE_FCNTL_H 1
| #define HAVE_LIMITS_H 1
| #define HAVE_STDINT_H 1
| #define HAVE_STRING_H 1
| #define HAVE_SYS_TIME_H 1
| #define HAVE_UNISTD_H 1
| #define HAVE_XMMINTRIN_H 1
| #define SIZEOF_SHORT 2
| #define SIZEOF_UNSIGNED_SHORT 2
| #define SIZEOF_INT 4
| #define SIZEOF_UNSIGNED_INT 4
| #define SIZEOF_LONG 8
| #define SIZEOF_UNSIGNED_LONG 8
| #define SIZEOF_LONG_LONG 8
| #define SIZEOF_UNSIGNED_LONG_LONG 8
| #define SIZEOF_FLOAT 4
| #define SIZEOF_DOUBLE 8
| #define HAVE_LONG_DOUBLE_WIDER 1
| #define HAVE_LONG_DOUBLE 1
| #define HAVE_UINT8_T 1
| /* end confdefs.h.  */
| #include <stdio.h>
| #ifdef HAVE_SYS_TYPES_H
| # include <sys/types.h>
| #endif
| #ifdef HAVE_SYS_STAT_H
| # include <sys/stat.h>
| #endif
| #ifdef STDC_HEADERS
| # include <stdlib.h>
| # include <stddef.h>
| #else
| # ifdef HAVE_STDLIB_H
| #  include <stdlib.h>
| # endif
| #endif
| #ifdef HAVE_STRING_H
| # if !defined STDC_HEADERS && defined HAVE_MEMORY_H
| #  include <memory.h>
| # endif
| # include <string.h>
| #endif
| #ifdef HAVE_STRINGS_H
| # include <strings.h>
| #endif
| #ifdef HAVE_INTTYPES_H
| # include <inttypes.h>
| #endif
| #ifdef HAVE_STDINT_H
| # include <stdint.h>
| #endif
| #ifdef HAVE_UNISTD_H
| # include <unistd.h>
| #endif
| int
| main ()
| {
| if (sizeof ((int8_t)))
| 	    return 0;
|   ;
|   return 0;
| }
configure:14423: result: yes
configure:14432: checking for uint16_t
configure:14432: gcc -c   conftest.c >&5
configure:14432: $? = 0
configure:14432: gcc -c   conftest.c >&5
conftest.c:87:23: error: expected expression
if (sizeof ((uint16_t)))
                      ^
1 error generated.
configure:14432: $? = 1
configure: failed program was:
| /* confdefs.h */
| #define PACKAGE_NAME "lame"
| #define PACKAGE_TARNAME "lame"
| #define PACKAGE_VERSION "3.100"
| #define PACKAGE_STRING "lame 3.100"
| #define PACKAGE_BUGREPORT "lame-dev@lists.sf.net"
| #define PACKAGE_URL ""
| #define PACKAGE "lame"
| #define VERSION "3.100"
| #define STDC_HEADERS 1
| #define HAVE_SYS_TYPES_H 1
| #define HAVE_SYS_STAT_H 1
| #define HAVE_STDLIB_H 1
| #define HAVE_STRING_H 1
| #define HAVE_MEMORY_H 1
| #define HAVE_STRINGS_H 1
| #define HAVE_INTTYPES_H 1
| #define HAVE_STDINT_H 1
| #define HAVE_UNISTD_H 1
| #define __EXTENSIONS__ 1
| #define _ALL_SOURCE 1
| #define _GNU_SOURCE 1
| #define _POSIX_PTHREAD_SEMANTICS 1
| #define _TANDEM_SOURCE 1
| #define HAVE_DLFCN_H 1
| #define LT_OBJDIR ".libs/"
| #define STDC_HEADERS 1
| #define HAVE_ERRNO_H 1
| #define HAVE_FCNTL_H 1
| #define HAVE_LIMITS_H 1
| #define HAVE_STDINT_H 1
| #define HAVE_STRING_H 1
| #define HAVE_SYS_TIME_H 1
| #define HAVE_UNISTD_H 1
| #define HAVE_XMMINTRIN_H 1
| #define SIZEOF_SHORT 2
| #define SIZEOF_UNSIGNED_SHORT 2
| #define SIZEOF_INT 4
| #define SIZEOF_UNSIGNED_INT 4
| #define SIZEOF_LONG 8
| #define SIZEOF_UNSIGNED_LONG 8
| #define SIZEOF_LONG_LONG 8
| #define SIZEOF_UNSIGNED_LONG_LONG 8
| #define SIZEOF_FLOAT 4
| #define SIZEOF_DOUBLE 8
| #define HAVE_LONG_DOUBLE_WIDER 1
| #define HAVE_LONG_DOUBLE 1
| #define HAVE_UINT8_T 1
| #define HAVE_INT8_T 1
| /* end confdefs.h.  */
| #include <stdio.h>
| #ifdef HAVE_SYS_TYPES_H
| # include <sys/types.h>
| #endif
| #ifdef HAVE_SYS_STAT_H
| # include <sys/stat.h>
| #endif
| #ifdef STDC_HEADERS
| # include <stdlib.h>
| # include <stddef.h>
| #else
| # ifdef HAVE_STDLIB_H
| #  include <stdlib.h>
| # endif
| #endif
| #ifdef HAVE_STRING_H
| # if !defined STDC_HEADERS && defined HAVE_MEMORY_H
| #  include <memory.h>
| # endif
| # include <string.h>
| #endif
| #ifdef HAVE_STRINGS_H
| # include <strings.h>
| #endif
| #ifdef HAVE_INTTYPES_H
| # include <inttypes.h>
| #endif
| #ifdef HAVE_STDINT_H
| # include <stdint.h>
| #endif
| #ifdef HAVE_UNISTD_H
| # include <unistd.h>
| #endif
| int
| main ()
| {
| if (sizeof ((uint16_t)))
| 	    return 0;
|   ;
|   return 0;
| }
configure:14432: result: yes
configure:14441: checking for int16_t
configure:14441: gcc -c   conftest.c >&5
configure:14441: $? = 0
configure:14441: gcc -c   conftest.c >&5
conftest.c:88:22: error: expected expression
if (sizeof ((int16_t)))
                     ^
1 error generated.
configure:14441: $? = 1
configure: failed program was:
| /* confdefs.h */
| #define PACKAGE_NAME "lame"
| #define PACKAGE_TARNAME "lame"
| #define PACKAGE_VERSION "3.100"
| #define PACKAGE_STRING "lame 3.100"
| #define PACKAGE_BUGREPORT "lame-dev@lists.sf.net"
| #define PACKAGE_URL ""
| #define PACKAGE "lame"
| #define VERSION "3.100"
| #define STDC_HEADERS 1
| #define HAVE_SYS_TYPES_H 1
| #define HAVE_SYS_STAT_H 1
| #define HAVE_STDLIB_H 1
| #define HAVE_STRING_H 1
| #define HAVE_MEMORY_H 1
| #define HAVE_STRINGS_H 1
| #define HAVE_INTTYPES_H 1
| #define HAVE_STDINT_H 1
| #define HAVE_UNISTD_H 1
| #define __EXTENSIONS__ 1
| #define _ALL_SOURCE 1
| #define _GNU_SOURCE 1
| #define _POSIX_PTHREAD_SEMANTICS 1
| #define _TANDEM_SOURCE 1
| #define HAVE_DLFCN_H 1
| #define LT_OBJDIR ".libs/"
| #define STDC_HEADERS 1
| #define HAVE_ERRNO_H 1
| #define HAVE_FCNTL_H 1
| #define HAVE_LIMITS_H 1
| #define HAVE_STDINT_H 1
| #define HAVE_STRING_H 1
| #define HAVE_SYS_TIME_H 1
| #define HAVE_UNISTD_H 1
| #define HAVE_XMMINTRIN_H 1
| #define SIZEOF_SHORT 2
| #define SIZEOF_UNSIGNED_SHORT 2
| #define SIZEOF_INT 4
| #define SIZEOF_UNSIGNED_INT 4
| #define SIZEOF_LONG 8
| #define SIZEOF_UNSIGNED_LONG 8
| #define SIZEOF_LONG_LONG 8
| #define SIZEOF_UNSIGNED_LONG_LONG 8
| #define SIZEOF_FLOAT 4
| #define SIZEOF_DOUBLE 8
| #define HAVE_LONG_DOUBLE_WIDER 1
| #define HAVE_LONG_DOUBLE 1
| #define HAVE_UINT8_T 1
| #define HAVE_INT8_T 1
| #define HAVE_UINT16_T 1
| /* end confdefs.h.  */
| #include <stdio.h>
| #ifdef HAVE_SYS_TYPES_H
| # include <sys/types.h>
| #endif
| #ifdef HAVE_SYS_STAT_H
| # include <sys/stat.h>
| #endif
| #ifdef STDC_HEADERS
| # include <stdlib.h>
| # include <stddef.h>
| #else
| # ifdef HAVE_STDLIB_H
| #  include <stdlib.h>
| # endif
| #endif
| #ifdef HAVE_STRING_H
| # if !defined STDC_HEADERS && defined HAVE_MEMORY_H
| #  include <memory.h>
| # endif
| # include <string.h>
| #endif
| #ifdef HAVE_STRINGS_H
| # include <strings.h>
| #endif
| #ifdef HAVE_INTTYPES_H
| # include <inttypes.h>
| #endif
| #ifdef HAVE_STDINT_H
| # include <stdint.h>
| #endif
| #ifdef HAVE_UNISTD_H
| # include <unistd.h>
| #endif
| int
| main ()
| {
| if (sizeof ((int16_t)))
| 	    return 0;
|   ;
|   return 0;
| }
configure:14441: result: yes
configure:14450: checking for uint32_t
configure:14450: gcc -c   conftest.c >&5
configure:14450: $? = 0
configure:14450: gcc -c   conftest.c >&5
conftest.c:89:23: error: expected expression
if (sizeof ((uint32_t)))
                      ^
1 error generated.
configure:14450: $? = 1
configure: failed program was:
| /* confdefs.h */
| #define PACKAGE_NAME "lame"
| #define PACKAGE_TARNAME "lame"
| #define PACKAGE_VERSION "3.100"
| #define PACKAGE_STRING "lame 3.100"
| #define PACKAGE_BUGREPORT "lame-dev@lists.sf.net"
| #define PACKAGE_URL ""
| #define PACKAGE "lame"
| #define VERSION "3.100"
| #define STDC_HEADERS 1
| #define HAVE_SYS_TYPES_H 1
| #define HAVE_SYS_STAT_H 1
| #define HAVE_STDLIB_H 1
| #define HAVE_STRING_H 1
| #define HAVE_MEMORY_H 1
| #define HAVE_STRINGS_H 1
| #define HAVE_INTTYPES_H 1
| #define HAVE_STDINT_H 1
| #define HAVE_UNISTD_H 1
| #define __EXTENSIONS__ 1
| #define _ALL_SOURCE 1
| #define _GNU_SOURCE 1
| #define _POSIX_PTHREAD_SEMANTICS 1
| #define _TANDEM_SOURCE 1
| #define HAVE_DLFCN_H 1
| #define LT_OBJDIR ".libs/"
| #define STDC_HEADERS 1
| #define HAVE_ERRNO_H 1
| #define HAVE_FCNTL_H 1
| #define HAVE_LIMITS_H 1
| #define HAVE_STDINT_H 1
| #define HAVE_STRING_H 1
| #define HAVE_SYS_TIME_H 1
| #define HAVE_UNISTD_H 1
| #define HAVE_XMMINTRIN_H 1
| #define SIZEOF_SHORT 2
| #define SIZEOF_UNSIGNED_SHORT 2
| #define SIZEOF_INT 4
| #define SIZEOF_UNSIGNED_INT 4
| #define SIZEOF_LONG 8
| #define SIZEOF_UNSIGNED_LONG 8
| #define SIZEOF_LONG_LONG 8
| #define SIZEOF_UNSIGNED_LONG_LONG 8
| #define SIZEOF_FLOAT 4
| #define SIZEOF_DOUBLE 8
| #define HAVE_LONG_DOUBLE_WIDER 1
| #define HAVE_LONG_DOUBLE 1
| #define HAVE_UINT8_T 1
| #define HAVE_INT8_T 1
| #define HAVE_UINT16_T 1
| #define HAVE_INT16_T 1
| /* end confdefs.h.  */
| #include <stdio.h>
| #ifdef HAVE_SYS_TYPES_H
| # include <sys/types.h>
| #endif
| #ifdef HAVE_SYS_STAT_H
| # include <sys/stat.h>
| #endif
| #ifdef STDC_HEADERS
| # include <stdlib.h>
| # include <stddef.h>
| #else
| # ifdef HAVE_STDLIB_H
| #  include <stdlib.h>
| # endif
| #endif
| #ifdef HAVE_STRING_H
| # if !defined STDC_HEADERS && defined HAVE_MEMORY_H
| #  include <memory.h>
| # endif
| # include <string.h>
| #endif
| #ifdef HAVE_STRINGS_H
| # include <strings.h>
| #endif
| #ifdef HAVE_INTTYPES_H
| # include <inttypes.h>
| #endif
| #ifdef HAVE_STDINT_H
| # include <stdint.h>
| #endif
| #ifdef HAVE_UNISTD_H
| # include <unistd.h>
| #endif
| int
| main ()
| {
| if (sizeof ((uint32_t)))
| 	    return 0;
|   ;
|   return 0;
| }
configure:14450: result: yes
configure:14459: checking for int32_t
configure:14459: gcc -c   conftest.c >&5
configure:14459: $? = 0
configure:14459: gcc -c   conftest.c >&5
conftest.c:90:22: error: expected expression
if (sizeof ((int32_t)))
                     ^
1 error generated.
configure:14459: $? = 1
configure: failed program was:
| /* confdefs.h */
| #define PACKAGE_NAME "lame"
| #define PACKAGE_TARNAME "lame"
| #define PACKAGE_VERSION "3.100"
| #define PACKAGE_STRING "lame 3.100"
| #define PACKAGE_BUGREPORT "lame-dev@lists.sf.net"
| #define PACKAGE_URL ""
| #define PACKAGE "lame"
| #define VERSION "3.100"
| #define STDC_HEADERS 1
| #define HAVE_SYS_TYPES_H 1
| #define HAVE_SYS_STAT_H 1
| #define HAVE_STDLIB_H 1
| #define HAVE_STRING_H 1
| #define HAVE_MEMORY_H 1
| #define HAVE_STRINGS_H 1
| #define HAVE_INTTYPES_H 1
| #define HAVE_STDINT_H 1
| #define HAVE_UNISTD_H 1
| #define __EXTENSIONS__ 1
| #define _ALL_SOURCE 1
| #define _GNU_SOURCE 1
| #define _POSIX_PTHREAD_SEMANTICS 1
| #define _TANDEM_SOURCE 1
| #define HAVE_DLFCN_H 1
| #define LT_OBJDIR ".libs/"
| #define STDC_HEADERS 1
| #define HAVE_ERRNO_H 1
| #define HAVE_FCNTL_H 1
| #define HAVE_LIMITS_H 1
| #define HAVE_STDINT_H 1
| #define HAVE_STRING_H 1
| #define HAVE_SYS_TIME_H 1
| #define HAVE_UNISTD_H 1
| #define HAVE_XMMINTRIN_H 1
| #define SIZEOF_SHORT 2
| #define SIZEOF_UNSIGNED_SHORT 2
| #define SIZEOF_INT 4
| #define SIZEOF_UNSIGNED_INT 4
| #define SIZEOF_LONG 8
| #define SIZEOF_UNSIGNED_LONG 8
| #define SIZEOF_LONG_LONG 8
| #define SIZEOF_UNSIGNED_LONG_LONG 8
| #define SIZEOF_FLOAT 4
| #define SIZEOF_DOUBLE 8
| #define HAVE_LONG_DOUBLE_WIDER 1
| #define HAVE_LONG_DOUBLE 1
| #define HAVE_UINT8_T 1
| #define HAVE_INT8_T 1
| #define HAVE_UINT16_T 1
| #define HAVE_INT16_T 1
| #define HAVE_UINT32_T 1
| /* end confdefs.h.  */
| #include <stdio.h>
| #ifdef HAVE_SYS_TYPES_H
| # include <sys/types.h>
| #endif
| #ifdef HAVE_SYS_STAT_H
| # include <sys/stat.h>
| #endif
| #ifdef STDC_HEADERS
| # include <stdlib.h>
| # include <stddef.h>
| #else
| # ifdef HAVE_STDLIB_H
| #  include <stdlib.h>
| # endif
| #endif
| #ifdef HAVE_STRING_H
| # if !defined STDC_HEADERS && defined HAVE_MEMORY_H
| #  include <memory.h>
| # endif
| # include <string.h>
| #endif
| #ifdef HAVE_STRINGS_H
| # include <strings.h>
| #endif
| #ifdef HAVE_INTTYPES_H
| # include <inttypes.h>
| #endif
| #ifdef HAVE_STDINT_H
| # include <stdint.h>
| #endif
| #ifdef HAVE_UNISTD_H
| # include <unistd.h>
| #endif
| int
| main ()
| {
| if (sizeof ((int32_t)))
| 	    return 0;
|   ;
|   return 0;
| }
configure:14459: result: yes
configure:14468: checking for uint64_t
configure:14468: gcc -c   conftest.c >&5
configure:14468: $? = 0
configure:14468: gcc -c   conftest.c >&5
conftest.c:91:23: error: expected expression
if (sizeof ((uint64_t)))
                      ^
1 error generated.
configure:14468: $? = 1
configure: failed program was:
| /* confdefs.h */
| #define PACKAGE_NAME "lame"
| #define PACKAGE_TARNAME "lame"
| #define PACKAGE_VERSION "3.100"
| #define PACKAGE_STRING "lame 3.100"
| #define PACKAGE_BUGREPORT "lame-dev@lists.sf.net"
| #define PACKAGE_URL ""
| #define PACKAGE "lame"
| #define VERSION "3.100"
| #define STDC_HEADERS 1
| #define HAVE_SYS_TYPES_H 1
| #define HAVE_SYS_STAT_H 1
| #define HAVE_STDLIB_H 1
| #define HAVE_STRING_H 1
| #define HAVE_MEMORY_H 1
| #define HAVE_STRINGS_H 1
| #define HAVE_INTTYPES_H 1
| #define HAVE_STDINT_H 1
| #define HAVE_UNISTD_H 1
| #define __EXTENSIONS__ 1
| #define _ALL_SOURCE 1
| #define _GNU_SOURCE 1
| #define _POSIX_PTHREAD_SEMANTICS 1
| #define _TANDEM_SOURCE 1
| #define HAVE_DLFCN_H 1
| #define LT_OBJDIR ".libs/"
| #define STDC_HEADERS 1
| #define HAVE_ERRNO_H 1
| #define HAVE_FCNTL_H 1
| #define HAVE_LIMITS_H 1
| #define HAVE_STDINT_H 1
| #define HAVE_STRING_H 1
| #define HAVE_SYS_TIME_H 1
| #define HAVE_UNISTD_H 1
| #define HAVE_XMMINTRIN_H 1
| #define SIZEOF_SHORT 2
| #define SIZEOF_UNSIGNED_SHORT 2
| #define SIZEOF_INT 4
| #define SIZEOF_UNSIGNED_INT 4
| #define SIZEOF_LONG 8
| #define SIZEOF_UNSIGNED_LONG 8
| #define SIZEOF_LONG_LONG 8
| #define SIZEOF_UNSIGNED_LONG_LONG 8
| #define SIZEOF_FLOAT 4
| #define SIZEOF_DOUBLE 8
| #define HAVE_LONG_DOUBLE_WIDER 1
| #define HAVE_LONG_DOUBLE 1
| #define HAVE_UINT8_T 1
| #define HAVE_INT8_T 1
| #define HAVE_UINT16_T 1
| #define HAVE_INT16_T 1
| #define HAVE_UINT32_T 1
| #define HAVE_INT32_T 1
| /* end confdefs.h.  */
| #include <stdio.h>
| #ifdef HAVE_SYS_TYPES_H
| # include <sys/types.h>
| #endif
| #ifdef HAVE_SYS_STAT_H
| # include <sys/stat.h>
| #endif
| #ifdef STDC_HEADERS
| # include <stdlib.h>
| # include <stddef.h>
| #else
| # ifdef HAVE_STDLIB_H
| #  include <stdlib.h>
| # endif
| #endif
| #ifdef HAVE_STRING_H
| # if !defined STDC_HEADERS && defined HAVE_MEMORY_H
| #  include <memory.h>
| # endif
| # include <string.h>
| #endif
| #ifdef HAVE_STRINGS_H
| # include <strings.h>
| #endif
| #ifdef HAVE_INTTYPES_H
| # include <inttypes.h>
| #endif
| #ifdef HAVE_STDINT_H
| # include <stdint.h>
| #endif
| #ifdef HAVE_UNISTD_H
| # include <unistd.h>
| #endif
| int
| main ()
| {
| if (sizeof ((uint64_t)))
| 	    return 0;
|   ;
|   return 0;
| }
configure:14468: result: yes
configure:14477: checking for int64_t
configure:14477: gcc -c   conftest.c >&5
configure:14477: $? = 0
configure:14477: gcc -c   conftest.c >&5
conftest.c:92:22: error: expected expression
if (sizeof ((int64_t)))
                     ^
1 error generated.
configure:14477: $? = 1
configure: failed program was:
| /* confdefs.h */
| #define PACKAGE_NAME "lame"
| #define PACKAGE_TARNAME "lame"
| #define PACKAGE_VERSION "3.100"
| #define PACKAGE_STRING "lame 3.100"
| #define PACKAGE_BUGREPORT "lame-dev@lists.sf.net"
| #define PACKAGE_URL ""
| #define PACKAGE "lame"
| #define VERSION "3.100"
| #define STDC_HEADERS 1
| #define HAVE_SYS_TYPES_H 1
| #define HAVE_SYS_STAT_H 1
| #define HAVE_STDLIB_H 1
| #define HAVE_STRING_H 1
| #define HAVE_MEMORY_H 1
| #define HAVE_STRINGS_H 1
| #define HAVE_INTTYPES_H 1
| #define HAVE_STDINT_H 1
| #define HAVE_UNISTD_H 1
| #define __EXTENSIONS__ 1
| #define _ALL_SOURCE 1
| #define _GNU_SOURCE 1
| #define _POSIX_PTHREAD_SEMANTICS 1
| #define _TANDEM_SOURCE 1
| #define HAVE_DLFCN_H 1
| #define LT_OBJDIR ".libs/"
| #define STDC_HEADERS 1
| #define HAVE_ERRNO_H 1
| #define HAVE_FCNTL_H 1
| #define HAVE_LIMITS_H 1
| #define HAVE_STDINT_H 1
| #define HAVE_STRING_H 1
| #define HAVE_SYS_TIME_H 1
| #define HAVE_UNISTD_H 1
| #define HAVE_XMMINTRIN_H 1
| #define SIZEOF_SHORT 2
| #define SIZEOF_UNSIGNED_SHORT 2
| #define SIZEOF_INT 4
| #define SIZEOF_UNSIGNED_INT 4
| #define SIZEOF_LONG 8
| #define SIZEOF_UNSIGNED_LONG 8
| #define SIZEOF_LONG_LONG 8
| #define SIZEOF_UNSIGNED_LONG_LONG 8
| #define SIZEOF_FLOAT 4
| #define SIZEOF_DOUBLE 8
| #define HAVE_LONG_DOUBLE_WIDER 1
| #define HAVE_LONG_DOUBLE 1
| #define HAVE_UINT8_T 1
| #define HAVE_INT8_T 1
| #define HAVE_UINT16_T 1
| #define HAVE_INT16_T 1
| #define HAVE_UINT32_T 1
| #define HAVE_INT32_T 1
| #define HAVE_UINT64_T 1
| /* end confdefs.h.  */
| #include <stdio.h>
| #ifdef HAVE_SYS_TYPES_H
| # include <sys/types.h>
| #endif
| #ifdef HAVE_SYS_STAT_H
| # include <sys/stat.h>
| #endif
| #ifdef STDC_HEADERS
| # include <stdlib.h>
| # include <stddef.h>
| #else
| # ifdef HAVE_STDLIB_H
| #  include <stdlib.h>
| # endif
| #endif
| #ifdef HAVE_STRING_H
| # if !defined STDC_HEADERS && defined HAVE_MEMORY_H
| #  include <memory.h>
| # endif
| # include <string.h>
| #endif
| #ifdef HAVE_STRINGS_H
| # include <strings.h>
| #endif
| #ifdef HAVE_INTTYPES_H
| # include <inttypes.h>
| #endif
| #ifdef HAVE_STDINT_H
| # include <stdint.h>
| #endif
| #ifdef HAVE_UNISTD_H
| # include <unistd.h>
| #endif
| int
| main ()
| {
| if (sizeof ((int64_t)))
| 	    return 0;
|   ;
|   return 0;
| }
configure:14477: result: yes
configure:14582: checking for IEEE854 compliant 80 bit floats
configure:14620: gcc -o conftest    conftest.c  >&5
configure:14620: $? = 0
configure:14620: ./conftest
configure:14620: $? = 0
configure:14630: result: yes
configure:14634: checking for ieee854_float80_t
configure:14634: gcc -c   conftest.c >&5
conftest.c:97:13: error: use of undeclared identifier 'ieee854_float80_t'
if (sizeof (ieee854_float80_t))
            ^
1 error generated.
configure:14634: $? = 1
configure: failed program was:
| /* confdefs.h */
| #define PACKAGE_NAME "lame"
| #define PACKAGE_TARNAME "lame"
| #define PACKAGE_VERSION "3.100"
| #define PACKAGE_STRING "lame 3.100"
| #define PACKAGE_BUGREPORT "lame-dev@lists.sf.net"
| #define PACKAGE_URL ""
| #define PACKAGE "lame"
| #define VERSION "3.100"
| #define STDC_HEADERS 1
| #define HAVE_SYS_TYPES_H 1
| #define HAVE_SYS_STAT_H 1
| #define HAVE_STDLIB_H 1
| #define HAVE_STRING_H 1
| #define HAVE_MEMORY_H 1
| #define HAVE_STRINGS_H 1
| #define HAVE_INTTYPES_H 1
| #define HAVE_STDINT_H 1
| #define HAVE_UNISTD_H 1
| #define __EXTENSIONS__ 1
| #define _ALL_SOURCE 1
| #define _GNU_SOURCE 1
| #define _POSIX_PTHREAD_SEMANTICS 1
| #define _TANDEM_SOURCE 1
| #define HAVE_DLFCN_H 1
| #define LT_OBJDIR ".libs/"
| #define STDC_HEADERS 1
| #define HAVE_ERRNO_H 1
| #define HAVE_FCNTL_H 1
| #define HAVE_LIMITS_H 1
| #define HAVE_STDINT_H 1
| #define HAVE_STRING_H 1
| #define HAVE_SYS_TIME_H 1
| #define HAVE_UNISTD_H 1
| #define HAVE_XMMINTRIN_H 1
| #define SIZEOF_SHORT 2
| #define SIZEOF_UNSIGNED_SHORT 2
| #define SIZEOF_INT 4
| #define SIZEOF_UNSIGNED_INT 4
| #define SIZEOF_LONG 8
| #define SIZEOF_UNSIGNED_LONG 8
| #define SIZEOF_LONG_LONG 8
| #define SIZEOF_UNSIGNED_LONG_LONG 8
| #define SIZEOF_FLOAT 4
| #define SIZEOF_DOUBLE 8
| #define HAVE_LONG_DOUBLE_WIDER 1
| #define HAVE_LONG_DOUBLE 1
| #define HAVE_UINT8_T 1
| #define HAVE_INT8_T 1
| #define HAVE_UINT16_T 1
| #define HAVE_INT16_T 1
| #define HAVE_UINT32_T 1
| #define HAVE_INT32_T 1
| #define HAVE_UINT64_T 1
| #define HAVE_INT64_T 1
| #define A_UINT32_T unsigned int
| #define A_INT32_T int
| #define A_UINT64_T unsigned long
| #define A_INT64_T long
| /* end confdefs.h.  */
| #include <stdio.h>
| #ifdef HAVE_SYS_TYPES_H
| # include <sys/types.h>
| #endif
| #ifdef HAVE_SYS_STAT_H
| # include <sys/stat.h>
| #endif
| #ifdef STDC_HEADERS
| # include <stdlib.h>
| # include <stddef.h>
| #else
| # ifdef HAVE_STDLIB_H
| #  include <stdlib.h>
| # endif
| #endif
| #ifdef HAVE_STRING_H
| # if !defined STDC_HEADERS && defined HAVE_MEMORY_H
| #  include <memory.h>
| # endif
| # include <string.h>
| #endif
| #ifdef HAVE_STRINGS_H
| # include <strings.h>
| #endif
| #ifdef HAVE_INTTYPES_H
| # include <inttypes.h>
| #endif
| #ifdef HAVE_STDINT_H
| # include <stdint.h>
| #endif
| #ifdef HAVE_UNISTD_H
| # include <unistd.h>
| #endif
| int
| main ()
| {
| if (sizeof (ieee854_float80_t))
| 	 return 0;
|   ;
|   return 0;
| }
configure:14634: result: no
configure:14651: checking for ieee754_float64_t
configure:14651: gcc -c   conftest.c >&5
conftest.c:98:13: error: use of undeclared identifier 'ieee754_float64_t'
if (sizeof (ieee754_float64_t))
            ^
1 error generated.
configure:14651: $? = 1
configure: failed program was:
| /* confdefs.h */
| #define PACKAGE_NAME "lame"
| #define PACKAGE_TARNAME "lame"
| #define PACKAGE_VERSION "3.100"
| #define PACKAGE_STRING "lame 3.100"
| #define PACKAGE_BUGREPORT "lame-dev@lists.sf.net"
| #define PACKAGE_URL ""
| #define PACKAGE "lame"
| #define VERSION "3.100"
| #define STDC_HEADERS 1
| #define HAVE_SYS_TYPES_H 1
| #define HAVE_SYS_STAT_H 1
| #define HAVE_STDLIB_H 1
| #define HAVE_STRING_H 1
| #define HAVE_MEMORY_H 1
| #define HAVE_STRINGS_H 1
| #define HAVE_INTTYPES_H 1
| #define HAVE_STDINT_H 1
| #define HAVE_UNISTD_H 1
| #define __EXTENSIONS__ 1
| #define _ALL_SOURCE 1
| #define _GNU_SOURCE 1
| #define _POSIX_PTHREAD_SEMANTICS 1
| #define _TANDEM_SOURCE 1
| #define HAVE_DLFCN_H 1
| #define LT_OBJDIR ".libs/"
| #define STDC_HEADERS 1
| #define HAVE_ERRNO_H 1
| #define HAVE_FCNTL_H 1
| #define HAVE_LIMITS_H 1
| #define HAVE_STDINT_H 1
| #define HAVE_STRING_H 1
| #define HAVE_SYS_TIME_H 1
| #define HAVE_UNISTD_H 1
| #define HAVE_XMMINTRIN_H 1
| #define SIZEOF_SHORT 2
| #define SIZEOF_UNSIGNED_SHORT 2
| #define SIZEOF_INT 4
| #define SIZEOF_UNSIGNED_INT 4
| #define SIZEOF_LONG 8
| #define SIZEOF_UNSIGNED_LONG 8
| #define SIZEOF_LONG_LONG 8
| #define SIZEOF_UNSIGNED_LONG_LONG 8
| #define SIZEOF_FLOAT 4
| #define SIZEOF_DOUBLE 8
| #define HAVE_LONG_DOUBLE_WIDER 1
| #define HAVE_LONG_DOUBLE 1
| #define HAVE_UINT8_T 1
| #define HAVE_INT8_T 1
| #define HAVE_UINT16_T 1
| #define HAVE_INT16_T 1
| #define HAVE_UINT32_T 1
| #define HAVE_INT32_T 1
| #define HAVE_UINT64_T 1
| #define HAVE_INT64_T 1
| #define A_UINT32_T unsigned int
| #define A_INT32_T int
| #define A_UINT64_T unsigned long
| #define A_INT64_T long
| #define HAVE_IEEE854_FLOAT80 1
| /* end confdefs.h.  */
| #include <stdio.h>
| #ifdef HAVE_SYS_TYPES_H
| # include <sys/types.h>
| #endif
| #ifdef HAVE_SYS_STAT_H
| # include <sys/stat.h>
| #endif
| #ifdef STDC_HEADERS
| # include <stdlib.h>
| # include <stddef.h>
| #else
| # ifdef HAVE_STDLIB_H
| #  include <stdlib.h>
| # endif
| #endif
| #ifdef HAVE_STRING_H
| # if !defined STDC_HEADERS && defined HAVE_MEMORY_H
| #  include <memory.h>
| # endif
| # include <string.h>
| #endif
| #ifdef HAVE_STRINGS_H
| # include <strings.h>
| #endif
| #ifdef HAVE_INTTYPES_H
| # include <inttypes.h>
| #endif
| #ifdef HAVE_STDINT_H
| # include <stdint.h>
| #endif
| #ifdef HAVE_UNISTD_H
| # include <unistd.h>
| #endif
| int
| main ()
| {
| if (sizeof (ieee754_float64_t))
| 	 return 0;
|   ;
|   return 0;
| }
configure:14651: result: no
configure:14660: checking for ieee754_float32_t
configure:14660: gcc -c   conftest.c >&5
conftest.c:98:13: error: use of undeclared identifier 'ieee754_float32_t'
if (sizeof (ieee754_float32_t))
            ^
1 error generated.
configure:14660: $? = 1
configure: failed program was:
| /* confdefs.h */
| #define PACKAGE_NAME "lame"
| #define PACKAGE_TARNAME "lame"
| #define PACKAGE_VERSION "3.100"
| #define PACKAGE_STRING "lame 3.100"
| #define PACKAGE_BUGREPORT "lame-dev@lists.sf.net"
| #define PACKAGE_URL ""
| #define PACKAGE "lame"
| #define VERSION "3.100"
| #define STDC_HEADERS 1
| #define HAVE_SYS_TYPES_H 1
| #define HAVE_SYS_STAT_H 1
| #define HAVE_STDLIB_H 1
| #define HAVE_STRING_H 1
| #define HAVE_MEMORY_H 1
| #define HAVE_STRINGS_H 1
| #define HAVE_INTTYPES_H 1
| #define HAVE_STDINT_H 1
| #define HAVE_UNISTD_H 1
| #define __EXTENSIONS__ 1
| #define _ALL_SOURCE 1
| #define _GNU_SOURCE 1
| #define _POSIX_PTHREAD_SEMANTICS 1
| #define _TANDEM_SOURCE 1
| #define HAVE_DLFCN_H 1
| #define LT_OBJDIR ".libs/"
| #define STDC_HEADERS 1
| #define HAVE_ERRNO_H 1
| #define HAVE_FCNTL_H 1
| #define HAVE_LIMITS_H 1
| #define HAVE_STDINT_H 1
| #define HAVE_STRING_H 1
| #define HAVE_SYS_TIME_H 1
| #define HAVE_UNISTD_H 1
| #define HAVE_XMMINTRIN_H 1
| #define SIZEOF_SHORT 2
| #define SIZEOF_UNSIGNED_SHORT 2
| #define SIZEOF_INT 4
| #define SIZEOF_UNSIGNED_INT 4
| #define SIZEOF_LONG 8
| #define SIZEOF_UNSIGNED_LONG 8
| #define SIZEOF_LONG_LONG 8
| #define SIZEOF_UNSIGNED_LONG_LONG 8
| #define SIZEOF_FLOAT 4
| #define SIZEOF_DOUBLE 8
| #define HAVE_LONG_DOUBLE_WIDER 1
| #define HAVE_LONG_DOUBLE 1
| #define HAVE_UINT8_T 1
| #define HAVE_INT8_T 1
| #define HAVE_UINT16_T 1
| #define HAVE_INT16_T 1
| #define HAVE_UINT32_T 1
| #define HAVE_INT32_T 1
| #define HAVE_UINT64_T 1
| #define HAVE_INT64_T 1
| #define A_UINT32_T unsigned int
| #define A_INT32_T int
| #define A_UINT64_T unsigned long
| #define A_INT64_T long
| #define HAVE_IEEE854_FLOAT80 1
| /* end confdefs.h.  */
| #include <stdio.h>
| #ifdef HAVE_SYS_TYPES_H
| # include <sys/types.h>
| #endif
| #ifdef HAVE_SYS_STAT_H
| # include <sys/stat.h>
| #endif
| #ifdef STDC_HEADERS
| # include <stdlib.h>
| # include <stddef.h>
| #else
| # ifdef HAVE_STDLIB_H
| #  include <stdlib.h>
| # endif
| #endif
| #ifdef HAVE_STRING_H
| # if !defined STDC_HEADERS && defined HAVE_MEMORY_H
| #  include <memory.h>
| # endif
| # include <string.h>
| #endif
| #ifdef HAVE_STRINGS_H
| # include <strings.h>
| #endif
| #ifdef HAVE_INTTYPES_H
| # include <inttypes.h>
| #endif
| #ifdef HAVE_STDINT_H
| # include <stdint.h>
| #endif
| #ifdef HAVE_UNISTD_H
| # include <unistd.h>
| #endif
| int
| main ()
| {
| if (sizeof (ieee754_float32_t))
| 	 return 0;
|   ;
|   return 0;
| }
configure:14660: result: no
configure:14725: checking for size_t
configure:14725: gcc -c   conftest.c >&5
configure:14725: $? = 0
configure:14725: gcc -c   conftest.c >&5
conftest.c:99:21: error: expected expression
if (sizeof ((size_t)))
                    ^
1 error generated.
configure:14725: $? = 1
configure: failed program was:
| /* confdefs.h */
| #define PACKAGE_NAME "lame"
| #define PACKAGE_TARNAME "lame"
| #define PACKAGE_VERSION "3.100"
| #define PACKAGE_STRING "lame 3.100"
| #define PACKAGE_BUGREPORT "lame-dev@lists.sf.net"
| #define PACKAGE_URL ""
| #define PACKAGE "lame"
| #define VERSION "3.100"
| #define STDC_HEADERS 1
| #define HAVE_SYS_TYPES_H 1
| #define HAVE_SYS_STAT_H 1
| #define HAVE_STDLIB_H 1
| #define HAVE_STRING_H 1
| #define HAVE_MEMORY_H 1
| #define HAVE_STRINGS_H 1
| #define HAVE_INTTYPES_H 1
| #define HAVE_STDINT_H 1
| #define HAVE_UNISTD_H 1
| #define __EXTENSIONS__ 1
| #define _ALL_SOURCE 1
| #define _GNU_SOURCE 1
| #define _POSIX_PTHREAD_SEMANTICS 1
| #define _TANDEM_SOURCE 1
| #define HAVE_DLFCN_H 1
| #define LT_OBJDIR ".libs/"
| #define STDC_HEADERS 1
| #define HAVE_ERRNO_H 1
| #define HAVE_FCNTL_H 1
| #define HAVE_LIMITS_H 1
| #define HAVE_STDINT_H 1
| #define HAVE_STRING_H 1
| #define HAVE_SYS_TIME_H 1
| #define HAVE_UNISTD_H 1
| #define HAVE_XMMINTRIN_H 1
| #define SIZEOF_SHORT 2
| #define SIZEOF_UNSIGNED_SHORT 2
| #define SIZEOF_INT 4
| #define SIZEOF_UNSIGNED_INT 4
| #define SIZEOF_LONG 8
| #define SIZEOF_UNSIGNED_LONG 8
| #define SIZEOF_LONG_LONG 8
| #define SIZEOF_UNSIGNED_LONG_LONG 8
| #define SIZEOF_FLOAT 4
| #define SIZEOF_DOUBLE 8
| #define HAVE_LONG_DOUBLE_WIDER 1
| #define HAVE_LONG_DOUBLE 1
| #define HAVE_UINT8_T 1
| #define HAVE_INT8_T 1
| #define HAVE_UINT16_T 1
| #define HAVE_INT16_T 1
| #define HAVE_UINT32_T 1
| #define HAVE_INT32_T 1
| #define HAVE_UINT64_T 1
| #define HAVE_INT64_T 1
| #define A_UINT32_T unsigned int
| #define A_INT32_T int
| #define A_UINT64_T unsigned long
| #define A_INT64_T long
| #define HAVE_IEEE854_FLOAT80 1
| #define LAME_LIBRARY_BUILD 1
| /* end confdefs.h.  */
| #include <stdio.h>
| #ifdef HAVE_SYS_TYPES_H
| # include <sys/types.h>
| #endif
| #ifdef HAVE_SYS_STAT_H
| # include <sys/stat.h>
| #endif
| #ifdef STDC_HEADERS
| # include <stdlib.h>
| # include <stddef.h>
| #else
| # ifdef HAVE_STDLIB_H
| #  include <stdlib.h>
| # endif
| #endif
| #ifdef HAVE_STRING_H
| # if !defined STDC_HEADERS && defined HAVE_MEMORY_H
| #  include <memory.h>
| # endif
| # include <string.h>
| #endif
| #ifdef HAVE_STRINGS_H
| # include <strings.h>
| #endif
| #ifdef HAVE_INTTYPES_H
| # include <inttypes.h>
| #endif
| #ifdef HAVE_STDINT_H
| # include <stdint.h>
| #endif
| #ifdef HAVE_UNISTD_H
| # include <unistd.h>
| #endif
| int
| main ()
| {
| if (sizeof ((size_t)))
| 	    return 0;
|   ;
|   return 0;
| }
configure:14725: result: yes
configure:14736: checking whether time.h and sys/time.h may both be included
configure:14756: gcc -c   conftest.c >&5
configure:14756: $? = 0
configure:14763: result: yes
configure:14774: checking for working alloca.h
configure:14791: gcc -o conftest    conftest.c  >&5
configure:14791: $? = 0
configure:14799: result: yes
configure:14807: checking for alloca
configure:14844: gcc -o conftest    conftest.c  >&5
configure:14844: $? = 0
configure:14852: result: yes
configure:14961: checking for gettimeofday
configure:14961: gcc -o conftest    conftest.c  >&5
configure:14961: $? = 0
configure:14961: result: yes
configure:14961: checking for strtol
configure:14961: gcc -o conftest    conftest.c  >&5
conftest.c:90:6: warning: incompatible redeclaration of library function 'strtol' [-Wincompatible-library-redeclaration]
char strtol ();
     ^
conftest.c:90:6: note: 'strtol' is a builtin with type 'long (const char *, char **, int)'
1 warning generated.
configure:14961: $? = 0
configure:14961: result: yes
configure:14978: checking for socket
configure:14978: gcc -o conftest    conftest.c  >&5
configure:14978: $? = 0
configure:14978: result: yes
configure:15063: checking termcap.h usability
configure:15063: gcc -c   conftest.c >&5
configure:15063: $? = 0
configure:15063: result: yes
configure:15063: checking termcap.h presence
configure:15063: gcc -E  conftest.c
configure:15063: $? = 0
configure:15063: result: yes
configure:15063: checking for termcap.h
configure:15063: result: yes
configure:15075: checking ncurses/termcap.h usability
configure:15075: gcc -c   conftest.c >&5
conftest.c:103:10: fatal error: 'ncurses/termcap.h' file not found
#include <ncurses/termcap.h>
         ^~~~~~~~~~~~~~~~~~~
1 error generated.
configure:15075: $? = 1
configure: failed program was:
| /* confdefs.h */
| #define PACKAGE_NAME "lame"
| #define PACKAGE_TARNAME "lame"
| #define PACKAGE_VERSION "3.100"
| #define PACKAGE_STRING "lame 3.100"
| #define PACKAGE_BUGREPORT "lame-dev@lists.sf.net"
| #define PACKAGE_URL ""
| #define PACKAGE "lame"
| #define VERSION "3.100"
| #define STDC_HEADERS 1
| #define HAVE_SYS_TYPES_H 1
| #define HAVE_SYS_STAT_H 1
| #define HAVE_STDLIB_H 1
| #define HAVE_STRING_H 1
| #define HAVE_MEMORY_H 1
| #define HAVE_STRINGS_H 1
| #define HAVE_INTTYPES_H 1
| #define HAVE_STDINT_H 1
| #define HAVE_UNISTD_H 1
| #define __EXTENSIONS__ 1
| #define _ALL_SOURCE 1
| #define _GNU_SOURCE 1
| #define _POSIX_PTHREAD_SEMANTICS 1
| #define _TANDEM_SOURCE 1
| #define HAVE_DLFCN_H 1
| #define LT_OBJDIR ".libs/"
| #define STDC_HEADERS 1
| #define HAVE_ERRNO_H 1
| #define HAVE_FCNTL_H 1
| #define HAVE_LIMITS_H 1
| #define HAVE_STDINT_H 1
| #define HAVE_STRING_H 1
| #define HAVE_SYS_TIME_H 1
| #define HAVE_UNISTD_H 1
| #define HAVE_XMMINTRIN_H 1
| #define SIZEOF_SHORT 2
| #define SIZEOF_UNSIGNED_SHORT 2
| #define SIZEOF_INT 4
| #define SIZEOF_UNSIGNED_INT 4
| #define SIZEOF_LONG 8
| #define SIZEOF_UNSIGNED_LONG 8
| #define SIZEOF_LONG_LONG 8
| #define SIZEOF_UNSIGNED_LONG_LONG 8
| #define SIZEOF_FLOAT 4
| #define SIZEOF_DOUBLE 8
| #define HAVE_LONG_DOUBLE_WIDER 1
| #define HAVE_LONG_DOUBLE 1
| #define HAVE_UINT8_T 1
| #define HAVE_INT8_T 1
| #define HAVE_UINT16_T 1
| #define HAVE_INT16_T 1
| #define HAVE_UINT32_T 1
| #define HAVE_INT32_T 1
| #define HAVE_UINT64_T 1
| #define HAVE_INT64_T 1
| #define A_UINT32_T unsigned int
| #define A_INT32_T int
| #define A_UINT64_T unsigned long
| #define A_INT64_T long
| #define HAVE_IEEE854_FLOAT80 1
| #define LAME_LIBRARY_BUILD 1
| #define TIME_WITH_SYS_TIME 1
| #define HAVE_ALLOCA_H 1
| #define HAVE_ALLOCA 1
| #define HAVE_GETTIMEOFDAY 1
| #define HAVE_STRTOL 1
| #define HAVE_SOCKET 1
| #define HAVE_TERMCAP_H 1
| /* end confdefs.h.  */
| #include <stdio.h>
| #ifdef HAVE_SYS_TYPES_H
| # include <sys/types.h>
| #endif
| #ifdef HAVE_SYS_STAT_H
| # include <sys/stat.h>
| #endif
| #ifdef STDC_HEADERS
| # include <stdlib.h>
| # include <stddef.h>
| #else
| # ifdef HAVE_STDLIB_H
| #  include <stdlib.h>
| # endif
| #endif
| #ifdef HAVE_STRING_H
| # if !defined STDC_HEADERS && defined HAVE_MEMORY_H
| #  include <memory.h>
| # endif
| # include <string.h>
| #endif
| #ifdef HAVE_STRINGS_H
| # include <strings.h>
| #endif
| #ifdef HAVE_INTTYPES_H
| # include <inttypes.h>
| #endif
| #ifdef HAVE_STDINT_H
| # include <stdint.h>
| #endif
| #ifdef HAVE_UNISTD_H
| # include <unistd.h>
| #endif
| #include <ncurses/termcap.h>
configure:15075: result: no
configure:15075: checking ncurses/termcap.h presence
configure:15075: gcc -E  conftest.c
conftest.c:70:10: fatal error: 'ncurses/termcap.h' file not found
#include <ncurses/termcap.h>
         ^~~~~~~~~~~~~~~~~~~
1 error generated.
configure:15075: $? = 1
configure: failed program was:
| /* confdefs.h */
| #define PACKAGE_NAME "lame"
| #define PACKAGE_TARNAME "lame"
| #define PACKAGE_VERSION "3.100"
| #define PACKAGE_STRING "lame 3.100"
| #define PACKAGE_BUGREPORT "lame-dev@lists.sf.net"
| #define PACKAGE_URL ""
| #define PACKAGE "lame"
| #define VERSION "3.100"
| #define STDC_HEADERS 1
| #define HAVE_SYS_TYPES_H 1
| #define HAVE_SYS_STAT_H 1
| #define HAVE_STDLIB_H 1
| #define HAVE_STRING_H 1
| #define HAVE_MEMORY_H 1
| #define HAVE_STRINGS_H 1
| #define HAVE_INTTYPES_H 1
| #define HAVE_STDINT_H 1
| #define HAVE_UNISTD_H 1
| #define __EXTENSIONS__ 1
| #define _ALL_SOURCE 1
| #define _GNU_SOURCE 1
| #define _POSIX_PTHREAD_SEMANTICS 1
| #define _TANDEM_SOURCE 1
| #define HAVE_DLFCN_H 1
| #define LT_OBJDIR ".libs/"
| #define STDC_HEADERS 1
| #define HAVE_ERRNO_H 1
| #define HAVE_FCNTL_H 1
| #define HAVE_LIMITS_H 1
| #define HAVE_STDINT_H 1
| #define HAVE_STRING_H 1
| #define HAVE_SYS_TIME_H 1
| #define HAVE_UNISTD_H 1
| #define HAVE_XMMINTRIN_H 1
| #define SIZEOF_SHORT 2
| #define SIZEOF_UNSIGNED_SHORT 2
| #define SIZEOF_INT 4
| #define SIZEOF_UNSIGNED_INT 4
| #define SIZEOF_LONG 8
| #define SIZEOF_UNSIGNED_LONG 8
| #define SIZEOF_LONG_LONG 8
| #define SIZEOF_UNSIGNED_LONG_LONG 8
| #define SIZEOF_FLOAT 4
| #define SIZEOF_DOUBLE 8
| #define HAVE_LONG_DOUBLE_WIDER 1
| #define HAVE_LONG_DOUBLE 1
| #define HAVE_UINT8_T 1
| #define HAVE_INT8_T 1
| #define HAVE_UINT16_T 1
| #define HAVE_INT16_T 1
| #define HAVE_UINT32_T 1
| #define HAVE_INT32_T 1
| #define HAVE_UINT64_T 1
| #define HAVE_INT64_T 1
| #define A_UINT32_T unsigned int
| #define A_INT32_T int
| #define A_UINT64_T unsigned long
| #define A_INT64_T long
| #define HAVE_IEEE854_FLOAT80 1
| #define LAME_LIBRARY_BUILD 1
| #define TIME_WITH_SYS_TIME 1
| #define HAVE_ALLOCA_H 1
| #define HAVE_ALLOCA 1
| #define HAVE_GETTIMEOFDAY 1
| #define HAVE_STRTOL 1
| #define HAVE_SOCKET 1
| #define HAVE_TERMCAP_H 1
| /* end confdefs.h.  */
| #include <ncurses/termcap.h>
configure:15075: result: no
configure:15075: checking for ncurses/termcap.h
configure:15075: result: no
configure:15085: checking for initscr in -ltermcap
configure:15110: gcc -o conftest    conftest.c -ltermcap   >&5
configure:15110: $? = 0
configure:15119: result: yes
configure:15125: checking for initscr in -lcurses
configure:15150: gcc -o conftest    conftest.c -lcurses   >&5
configure:15150: $? = 0
configure:15159: result: yes
configure:15165: checking for initscr in -lncurses
configure:15190: gcc -o conftest    conftest.c -lncurses   >&5
configure:15190: $? = 0
configure:15199: result: yes
configure:15247: checking for ld used by gcc
configure:15314: result: /Applications/Xcode.app/Contents/Developer/Toolchains/XcodeDefault.xctoolchain/usr/bin/ld
configure:15321: checking if the linker (/Applications/Xcode.app/Contents/Developer/Toolchains/XcodeDefault.xctoolchain/usr/bin/ld) is GNU ld
configure:15336: result: no
configure:15343: checking for shared library run path origin
configure:15356: result: done
configure:15934: checking for iconv
configure:15958: gcc -o conftest    conftest.c  >&5
Undefined symbols for architecture x86_64:
  "_iconv", referenced from:
      _main in conftest-8ce9c4.o
  "_iconv_close", referenced from:
      _main in conftest-8ce9c4.o
  "_iconv_open", referenced from:
      _main in conftest-8ce9c4.o
ld: symbol(s) not found for architecture x86_64
clang: error: linker command failed with exit code 1 (use -v to see invocation)
configure:15958: $? = 1
configure: failed program was:
| /* confdefs.h */
| #define PACKAGE_NAME "lame"
| #define PACKAGE_TARNAME "lame"
| #define PACKAGE_VERSION "3.100"
| #define PACKAGE_STRING "lame 3.100"
| #define PACKAGE_BUGREPORT "lame-dev@lists.sf.net"
| #define PACKAGE_URL ""
| #define PACKAGE "lame"
| #define VERSION "3.100"
| #define STDC_HEADERS 1
| #define HAVE_SYS_TYPES_H 1
| #define HAVE_SYS_STAT_H 1
| #define HAVE_STDLIB_H 1
| #define HAVE_STRING_H 1
| #define HAVE_MEMORY_H 1
| #define HAVE_STRINGS_H 1
| #define HAVE_INTTYPES_H 1
| #define HAVE_STDINT_H 1
| #define HAVE_UNISTD_H 1
| #define __EXTENSIONS__ 1
| #define _ALL_SOURCE 1
| #define _GNU_SOURCE 1
| #define _POSIX_PTHREAD_SEMANTICS 1
| #define _TANDEM_SOURCE 1
| #define HAVE_DLFCN_H 1
| #define LT_OBJDIR ".libs/"
| #define STDC_HEADERS 1
| #define HAVE_ERRNO_H 1
| #define HAVE_FCNTL_H 1
| #define HAVE_LIMITS_H 1
| #define HAVE_STDINT_H 1
| #define HAVE_STRING_H 1
| #define HAVE_SYS_TIME_H 1
| #define HAVE_UNISTD_H 1
| #define HAVE_XMMINTRIN_H 1
| #define SIZEOF_SHORT 2
| #define SIZEOF_UNSIGNED_SHORT 2
| #define SIZEOF_INT 4
| #define SIZEOF_UNSIGNED_INT 4
| #define SIZEOF_LONG 8
| #define SIZEOF_UNSIGNED_LONG 8
| #define SIZEOF_LONG_LONG 8
| #define SIZEOF_UNSIGNED_LONG_LONG 8
| #define SIZEOF_FLOAT 4
| #define SIZEOF_DOUBLE 8
| #define HAVE_LONG_DOUBLE_WIDER 1
| #define HAVE_LONG_DOUBLE 1
| #define HAVE_UINT8_T 1
| #define HAVE_INT8_T 1
| #define HAVE_UINT16_T 1
| #define HAVE_INT16_T 1
| #define HAVE_UINT32_T 1
| #define HAVE_INT32_T 1
| #define HAVE_UINT64_T 1
| #define HAVE_INT64_T 1
| #define A_UINT32_T unsigned int
| #define A_INT32_T int
| #define A_UINT64_T unsigned long
| #define A_INT64_T long
| #define HAVE_IEEE854_FLOAT80 1
| #define LAME_LIBRARY_BUILD 1
| #define TIME_WITH_SYS_TIME 1
| #define HAVE_ALLOCA_H 1
| #define HAVE_ALLOCA 1
| #define HAVE_GETTIMEOFDAY 1
| #define HAVE_STRTOL 1
| #define HAVE_SOCKET 1
| #define HAVE_TERMCAP_H 1
| /* end confdefs.h.  */
| 
| #include <stdlib.h>
| #include <iconv.h>
| 
| int
| main ()
| {
| iconv_t cd = iconv_open("","");
|            iconv(cd,NULL,NULL,NULL,NULL);
|            iconv_close(cd);
|   ;
|   return 0;
| }
configure:15982: gcc -o conftest    conftest.c  -liconv >&5
configure:15982: $? = 0
configure:15992: result: yes
configure:15995: checking for working iconv
configure:16124: gcc -o conftest    conftest.c  -liconv >&5
configure:16124: $? = 0
configure:16124: ./conftest
configure:16124: $? = 0
configure:16136: result: yes
configure:16151: checking how to link with libiconv
configure:16153: result: -liconv
configure:16164: checking for iconv declaration
configure:16193: gcc -c   conftest.c >&5
configure:16193: $? = 0
configure:16204: result:
         extern size_t iconv (iconv_t cd, char * *inbuf, size_t *inbytesleft, char * *outbuf, size_t *outbytesleft);
configure:16216: checking for cos in -lm
configure:16241: gcc -o conftest    conftest.c -lm   >&5
conftest.c:79:6: warning: incompatible redeclaration of library function 'cos' [-Wincompatible-library-redeclaration]
char cos ();
     ^
conftest.c:79:6: note: 'cos' is a builtin with type 'double (double)'
1 warning generated.
configure:16241: $? = 0
configure:16250: result: yes
configure:16256: checking for cos in -lffm
configure:16281: gcc -o conftest    conftest.c -lffm   >&5
conftest.c:79:6: warning: incompatible redeclaration of library function 'cos' [-Wincompatible-library-redeclaration]
char cos ();
     ^
conftest.c:79:6: note: 'cos' is a builtin with type 'double (double)'
1 warning generated.
ld: library not found for -lffm
clang: error: linker command failed with exit code 1 (use -v to see invocation)
configure:16281: $? = 1
configure: failed program was:
| /* confdefs.h */
| #define PACKAGE_NAME "lame"
| #define PACKAGE_TARNAME "lame"
| #define PACKAGE_VERSION "3.100"
| #define PACKAGE_STRING "lame 3.100"
| #define PACKAGE_BUGREPORT "lame-dev@lists.sf.net"
| #define PACKAGE_URL ""
| #define PACKAGE "lame"
| #define VERSION "3.100"
| #define STDC_HEADERS 1
| #define HAVE_SYS_TYPES_H 1
| #define HAVE_SYS_STAT_H 1
| #define HAVE_STDLIB_H 1
| #define HAVE_STRING_H 1
| #define HAVE_MEMORY_H 1
| #define HAVE_STRINGS_H 1
| #define HAVE_INTTYPES_H 1
| #define HAVE_STDINT_H 1
| #define HAVE_UNISTD_H 1
| #define __EXTENSIONS__ 1
| #define _ALL_SOURCE 1
| #define _GNU_SOURCE 1
| #define _POSIX_PTHREAD_SEMANTICS 1
| #define _TANDEM_SOURCE 1
| #define HAVE_DLFCN_H 1
| #define LT_OBJDIR ".libs/"
| #define STDC_HEADERS 1
| #define HAVE_ERRNO_H 1
| #define HAVE_FCNTL_H 1
| #define HAVE_LIMITS_H 1
| #define HAVE_STDINT_H 1
| #define HAVE_STRING_H 1
| #define HAVE_SYS_TIME_H 1
| #define HAVE_UNISTD_H 1
| #define HAVE_XMMINTRIN_H 1
| #define SIZEOF_SHORT 2
| #define SIZEOF_UNSIGNED_SHORT 2
| #define SIZEOF_INT 4
| #define SIZEOF_UNSIGNED_INT 4
| #define SIZEOF_LONG 8
| #define SIZEOF_UNSIGNED_LONG 8
| #define SIZEOF_LONG_LONG 8
| #define SIZEOF_UNSIGNED_LONG_LONG 8
| #define SIZEOF_FLOAT 4
| #define SIZEOF_DOUBLE 8
| #define HAVE_LONG_DOUBLE_WIDER 1
| #define HAVE_LONG_DOUBLE 1
| #define HAVE_UINT8_T 1
| #define HAVE_INT8_T 1
| #define HAVE_UINT16_T 1
| #define HAVE_INT16_T 1
| #define HAVE_UINT32_T 1
| #define HAVE_INT32_T 1
| #define HAVE_UINT64_T 1
| #define HAVE_INT64_T 1
| #define A_UINT32_T unsigned int
| #define A_INT32_T int
| #define A_UINT64_T unsigned long
| #define A_INT64_T long
| #define HAVE_IEEE854_FLOAT80 1
| #define LAME_LIBRARY_BUILD 1
| #define TIME_WITH_SYS_TIME 1
| #define HAVE_ALLOCA_H 1
| #define HAVE_ALLOCA 1
| #define HAVE_GETTIMEOFDAY 1
| #define HAVE_STRTOL 1
| #define HAVE_SOCKET 1
| #define HAVE_TERMCAP_H 1
| #define HAVE_ICONV 1
| #define ICONV_CONST 
| /* end confdefs.h.  */
| 
| /* Override any GCC internal prototype to avoid an error.
|    Use char because int might match the return type of a GCC
|    builtin and then its argument prototype would still apply.  */
| #ifdef __cplusplus
| extern "C"
| #endif
| char cos ();
| int
| main ()
| {
| return cos ();
|   ;
|   return 0;
| }
configure:16290: result: no
configure:16304: checking for cos in -lcpml
configure:16329: gcc -o conftest    conftest.c -lcpml   >&5
conftest.c:79:6: warning: incompatible redeclaration of library function 'cos' [-Wincompatible-library-redeclaration]
char cos ();
     ^
conftest.c:79:6: note: 'cos' is a builtin with type 'double (double)'
1 warning generated.
ld: library not found for -lcpml
clang: error: linker command failed with exit code 1 (use -v to see invocation)
configure:16329: $? = 1
configure: failed program was:
| /* confdefs.h */
| #define PACKAGE_NAME "lame"
| #define PACKAGE_TARNAME "lame"
| #define PACKAGE_VERSION "3.100"
| #define PACKAGE_STRING "lame 3.100"
| #define PACKAGE_BUGREPORT "lame-dev@lists.sf.net"
| #define PACKAGE_URL ""
| #define PACKAGE "lame"
| #define VERSION "3.100"
| #define STDC_HEADERS 1
| #define HAVE_SYS_TYPES_H 1
| #define HAVE_SYS_STAT_H 1
| #define HAVE_STDLIB_H 1
| #define HAVE_STRING_H 1
| #define HAVE_MEMORY_H 1
| #define HAVE_STRINGS_H 1
| #define HAVE_INTTYPES_H 1
| #define HAVE_STDINT_H 1
| #define HAVE_UNISTD_H 1
| #define __EXTENSIONS__ 1
| #define _ALL_SOURCE 1
| #define _GNU_SOURCE 1
| #define _POSIX_PTHREAD_SEMANTICS 1
| #define _TANDEM_SOURCE 1
| #define HAVE_DLFCN_H 1
| #define LT_OBJDIR ".libs/"
| #define STDC_HEADERS 1
| #define HAVE_ERRNO_H 1
| #define HAVE_FCNTL_H 1
| #define HAVE_LIMITS_H 1
| #define HAVE_STDINT_H 1
| #define HAVE_STRING_H 1
| #define HAVE_SYS_TIME_H 1
| #define HAVE_UNISTD_H 1
| #define HAVE_XMMINTRIN_H 1
| #define SIZEOF_SHORT 2
| #define SIZEOF_UNSIGNED_SHORT 2
| #define SIZEOF_INT 4
| #define SIZEOF_UNSIGNED_INT 4
| #define SIZEOF_LONG 8
| #define SIZEOF_UNSIGNED_LONG 8
| #define SIZEOF_LONG_LONG 8
| #define SIZEOF_UNSIGNED_LONG_LONG 8
| #define SIZEOF_FLOAT 4
| #define SIZEOF_DOUBLE 8
| #define HAVE_LONG_DOUBLE_WIDER 1
| #define HAVE_LONG_DOUBLE 1
| #define HAVE_UINT8_T 1
| #define HAVE_INT8_T 1
| #define HAVE_UINT16_T 1
| #define HAVE_INT16_T 1
| #define HAVE_UINT32_T 1
| #define HAVE_INT32_T 1
| #define HAVE_UINT64_T 1
| #define HAVE_INT64_T 1
| #define A_UINT32_T unsigned int
| #define A_INT32_T int
| #define A_UINT64_T unsigned long
| #define A_INT64_T long
| #define HAVE_IEEE854_FLOAT80 1
| #define LAME_LIBRARY_BUILD 1
| #define TIME_WITH_SYS_TIME 1
| #define HAVE_ALLOCA_H 1
| #define HAVE_ALLOCA 1
| #define HAVE_GETTIMEOFDAY 1
| #define HAVE_STRTOL 1
| #define HAVE_SOCKET 1
| #define HAVE_TERMCAP_H 1
| #define HAVE_ICONV 1
| #define ICONV_CONST 
| /* end confdefs.h.  */
| 
| /* Override any GCC internal prototype to avoid an error.
|    Use char because int might match the return type of a GCC
|    builtin and then its argument prototype would still apply.  */
| #ifdef __cplusplus
| extern "C"
| #endif
| char cos ();
| int
| main ()
| {
| return cos ();
|   ;
|   return 0;
| }
configure:16338: result: no
configure:16396: checking for gtk-config
configure:16427: result: no
configure:16436: checking for GTK - version >= 1.2.0
configure:16555: result: no
configure:16619: checking use of ElectricFence malloc debugging
configure:16684: result: no
configure:16897: checking use of file io
configure:16926: result: lame
configure:16934: checking use of analyzer hooks
configure:16956: result: yes
configure:16960: checking use of mpg123 decoder
configure:16988: result: yes (Layer 1, 2, 3)
configure:16992: checking if the lame frontend should be build
configure:17003: result: yes
configure:17013: checking if mp3x is requested
configure:17028: result: no
configure:17045: checking if mp3rtp is requested
configure:17063: result: no
configure:17067: checking if dynamic linking of the frontends is requested
configure:17078: result: no
configure:17178: checking for termcap
configure:17189: result: yes
configure:17261: checking if I have to build the internal vector lib
configure:17263: result: yes
configure:17269: checking for nasm
configure:17300: result: no
configure:17372: checking for additional optimizations
configure:17599: result: no
configure:17611: checking for debug options
configure:17659: result: no
configure:17967: checking that generated files are newer than configure
configure:17973: result: done
configure:18021: creating ./config.status

## ---------------------- ##
## Running config.status. ##
## ---------------------- ##

This file was extended by lame config.status 3.100, which was
generated by GNU Autoconf 2.69.  Invocation command line was

  CONFIG_FILES    = 
  CONFIG_HEADERS  = 
  CONFIG_LINKS    = 
  CONFIG_COMMANDS = 
  $ ./config.status 

on b9mp.local

config.status:1197: creating Makefile
config.status:1197: creating libmp3lame/Makefile
config.status:1197: creating libmp3lame/i386/Makefile
config.status:1197: creating libmp3lame/vector/Makefile
config.status:1197: creating frontend/Makefile
config.status:1197: creating mpglib/Makefile
config.status:1197: creating doc/Makefile
config.status:1197: creating doc/html/Makefile
config.status:1197: creating doc/man/Makefile
config.status:1197: creating include/Makefile
config.status:1197: creating Dll/Makefile
config.status:1197: creating misc/Makefile
config.status:1197: creating dshow/Makefile
config.status:1197: creating ACM/Makefile
config.status:1197: creating ACM/ADbg/Makefile
config.status:1197: creating ACM/ddk/Makefile
config.status:1197: creating ACM/tinyxml/Makefile
config.status:1197: creating lame.spec
config.status:1197: creating mac/Makefile
config.status:1197: creating macosx/Makefile
config.status:1197: creating macosx/English.lproj/Makefile
config.status:1197: creating macosx/LAME.xcodeproj/Makefile
config.status:1197: creating vc_solution/Makefile
config.status:1197: creating config.h
config.status:1378: config.h is unchanged
config.status:1426: executing depfiles commands
config.status:1426: executing libtool commands

## ---------------- ##
## Cache variables. ##
## ---------------- ##

ac_cv_build=x86_64-apple-darwin20.6.0
ac_cv_c_bigendian=no
ac_cv_c_compiler_gnu=yes
ac_cv_c_const=yes
ac_cv_c_inline=inline
ac_cv_c_long_double=yes
ac_cv_env_CC_set=
ac_cv_env_CC_value=
ac_cv_env_CFLAGS_set=
ac_cv_env_CFLAGS_value=
ac_cv_env_CPPFLAGS_set=
ac_cv_env_CPPFLAGS_value=
ac_cv_env_CPP_set=
ac_cv_env_CPP_value=
ac_cv_env_LDFLAGS_set=
ac_cv_env_LDFLAGS_value=
ac_cv_env_LIBS_set=
ac_cv_env_LIBS_value=
ac_cv_env_LT_SYS_LIBRARY_PATH_set=
ac_cv_env_LT_SYS_LIBRARY_PATH_value=
ac_cv_env_PKG_CONFIG_LIBDIR_set=
ac_cv_env_PKG_CONFIG_LIBDIR_value=
ac_cv_env_PKG_CONFIG_PATH_set=
ac_cv_env_PKG_CONFIG_PATH_value=
ac_cv_env_PKG_CONFIG_set=
ac_cv_env_PKG_CONFIG_value=
ac_cv_env_SNDFILE_CFLAGS_set=
ac_cv_env_SNDFILE_CFLAGS_value=
ac_cv_env_SNDFILE_LIBS_set=
ac_cv_env_SNDFILE_LIBS_value=
ac_cv_env_build_alias_set=
ac_cv_env_build_alias_value=
ac_cv_env_host_alias_set=
ac_cv_env_host_alias_value=
ac_cv_env_target_alias_set=
ac_cv_env_target_alias_value=
ac_cv_func_alloca_works=yes
ac_cv_func_gettimeofday=yes
ac_cv_func_socket=yes
ac_cv_func_strtol=yes
ac_cv_header_dlfcn_h=yes
ac_cv_header_dmalloc_h=no
ac_cv_header_errno_h=yes
ac_cv_header_fcntl_h=yes
ac_cv_header_inttypes_h=yes
ac_cv_header_limits_h=yes
ac_cv_header_linux_soundcard_h=no
ac_cv_header_memory_h=yes
ac_cv_header_minix_config_h=no
ac_cv_header_ncurses_termcap_h=no
ac_cv_header_stdc=yes
ac_cv_header_stdint_h=yes
ac_cv_header_stdlib_h=yes
ac_cv_header_string_h=yes
ac_cv_header_strings_h=yes
ac_cv_header_sys_soundcard_h=no
ac_cv_header_sys_stat_h=yes
ac_cv_header_sys_time_h=yes
ac_cv_header_sys_types_h=yes
ac_cv_header_termcap_h=yes
ac_cv_header_time=yes
ac_cv_header_unistd_h=yes
ac_cv_header_xmmintrin_h=yes
ac_cv_host=x86_64-apple-darwin20.6.0
ac_cv_lib_cpml_cos=no
ac_cv_lib_curses_initscr=yes
ac_cv_lib_ffm_cos=no
ac_cv_lib_m_cos=yes
ac_cv_lib_ncurses_initscr=yes
ac_cv_lib_termcap_initscr=yes
ac_cv_objext=o
ac_cv_path_EGREP='/usr/bin/grep -E'
ac_cv_path_FGREP='/usr/bin/grep -F'
ac_cv_path_GREP=/usr/bin/grep
ac_cv_path_GTK_CONFIG=no
ac_cv_path_NASM=no
ac_cv_path_SED=/usr/bin/sed
ac_cv_path_install='/usr/bin/install -c'
ac_cv_path_lt_DD=/bin/dd
ac_cv_prog_AWK=awk
ac_cv_prog_CPP='gcc -E'
ac_cv_prog_ac_ct_AR=ar
ac_cv_prog_ac_ct_CC=gcc
ac_cv_prog_ac_ct_DSYMUTIL=dsymutil
ac_cv_prog_ac_ct_LIPO=lipo
ac_cv_prog_ac_ct_NMEDIT=nmedit
ac_cv_prog_ac_ct_OBJDUMP=objdump
ac_cv_prog_ac_ct_OTOOL=otool
ac_cv_prog_ac_ct_RANLIB=ranlib
ac_cv_prog_ac_ct_STRIP=strip
ac_cv_prog_cc_c89=
ac_cv_prog_cc_g=yes
ac_cv_prog_make_make_set=yes
ac_cv_safe_to_define___extensions__=yes
ac_cv_search_strerror='none required'
ac_cv_sizeof_double=8
ac_cv_sizeof_float=4
ac_cv_sizeof_int=4
ac_cv_sizeof_long=8
ac_cv_sizeof_long_long=8
ac_cv_sizeof_short=2
ac_cv_sizeof_unsigned_int=4
ac_cv_sizeof_unsigned_long=8
ac_cv_sizeof_unsigned_long_long=8
ac_cv_sizeof_unsigned_short=2
ac_cv_sys_file_offset_bits=no
ac_cv_sys_largefile_CC=no
ac_cv_type_ieee754_float32_t=no
ac_cv_type_ieee754_float64_t=no
ac_cv_type_ieee854_float80_t=no
ac_cv_type_int16_t=yes
ac_cv_type_int32_t=yes
ac_cv_type_int64_t=yes
ac_cv_type_int8_t=yes
ac_cv_type_long_double_wider=yes
ac_cv_type_size_t=yes
ac_cv_type_uint16_t=yes
ac_cv_type_uint32_t=yes
ac_cv_type_uint64_t=yes
ac_cv_type_uint8_t=yes
ac_cv_working_alloca_h=yes
acl_cv_hardcode_direct=no
acl_cv_hardcode_libdir_flag_spec=
acl_cv_hardcode_libdir_separator=
acl_cv_hardcode_minus_L=no
acl_cv_libext=a
acl_cv_libname_spec='lib$name'
acl_cv_library_names_spec='$libname$shrext'
acl_cv_path_LD=/Applications/Xcode.app/Contents/Developer/Toolchains/XcodeDefault.xctoolchain/usr/bin/ld
acl_cv_prog_gnu_ld=no
acl_cv_rpath=done
acl_cv_shlibext=dylib
acl_cv_wl=-Wl,
alex_cv_ieee854_float80=yes
am_cv_CC_dependencies_compiler_type=none
am_cv_func_iconv=yes
am_cv_func_iconv_works=yes
am_cv_lib_iconv=yes
am_cv_make_support_nested_variables=yes
am_cv_prog_cc_c_o=yes
am_cv_proto_iconv='extern size_t iconv (iconv_t cd, char * *inbuf, size_t *inbytesleft, char * *outbuf, size_t *outbytesleft);'
am_cv_proto_iconv_arg1=
lt_cv_apple_cc_single_mod=yes
lt_cv_ar_at_file=no
lt_cv_deplibs_check_method=pass_all
lt_cv_file_magic_cmd='$MAGIC_CMD'
lt_cv_file_magic_test_file=
lt_cv_ld_exported_symbols_list=yes
lt_cv_ld_force_load=yes
lt_cv_ld_reload_flag=-r
lt_cv_nm_interface='BSD nm'
lt_cv_objdir=.libs
lt_cv_path_LD=/Applications/Xcode.app/Contents/Developer/Toolchains/XcodeDefault.xctoolchain/usr/bin/ld
lt_cv_path_NM='/usr/bin/nm -B'
lt_cv_path_mainfest_tool=no
lt_cv_prog_compiler_c_o=yes
lt_cv_prog_compiler_pic='-fno-common -DPIC'
lt_cv_prog_compiler_pic_works=yes
lt_cv_prog_compiler_rtti_exceptions=yes
lt_cv_prog_compiler_static_works=no
lt_cv_prog_gnu_ld=no
lt_cv_sharedlib_from_linklib_cmd='printf %s\n'
lt_cv_sys_global_symbol_pipe='sed -n -e '\''s/^.*[	 ]\([BCDEGRST][BCDEGRST]*\)[	 ][	 ]*_\([_A-Za-z][_A-Za-z0-9]*\)$/\1 _\2 \2/p'\'' | sed '\''/ __gnu_lto/d'\'''
lt_cv_sys_global_symbol_to_c_name_address='sed -n -e '\''s/^: \(.*\) .*$/  {"\1", (void *) 0},/p'\'' -e '\''s/^[BCDEGRST][BCDEGRST]* .* \(.*\)$/  {"\1", (void *) \&\1},/p'\'''
lt_cv_sys_global_symbol_to_c_name_address_lib_prefix='sed -n -e '\''s/^: \(.*\) .*$/  {"\1", (void *) 0},/p'\'' -e '\''s/^[BCDEGRST][BCDEGRST]* .* \(lib.*\)$/  {"\1", (void *) \&\1},/p'\'' -e '\''s/^[BCDEGRST][BCDEGRST]* .* \(.*\)$/  {"lib\1", (void *) \&\1},/p'\'''
lt_cv_sys_global_symbol_to_cdecl='sed -n -e '\''s/^T .* \(.*\)$/extern int \1();/p'\'' -e '\''s/^[BCDEGRST][BCDEGRST]* .* \(.*\)$/extern char \1;/p'\'''
lt_cv_sys_global_symbol_to_import=
lt_cv_sys_max_cmd_len=786432
lt_cv_to_host_file_cmd=func_convert_file_noop
lt_cv_to_tool_file_cmd=func_convert_file_noop
lt_cv_truncate_bin='/bin/dd bs=4096 count=1'

## ----------------- ##
## Output variables. ##
## ----------------- ##

ACLOCAL='aclocal-1.15'
ALLOCA=''
AMDEPBACKSLASH='\'
AMDEP_FALSE='#'
AMDEP_TRUE=''
AMTAR='$${TAR-tar}'
AM_BACKSLASH='\'
AM_DEFAULT_V='$(AM_DEFAULT_VERBOSITY)'
AM_DEFAULT_VERBOSITY='1'
AM_V='$(V)'
AR='ar'
AUTOCONF='autoconf'
AUTOHEADER='autoheader'
AUTOMAKE='automake-1.15'
AWK='awk'
CC='gcc'
CCDEPMODE='depmode=none'
CFLAGS='-O3 -Wall  -fno-common'
CONFIG_DEFS=''
CONFIG_MATH_LIB='-lm'
CPP='gcc -E'
CPPFLAGS=''
CPUCCODE=''
CPUTYPE='no'
CYGPATH_W='echo'
DEFS='-DHAVE_CONFIG_H'
DEPDIR='.deps'
DLLTOOL='false'
DSYMUTIL='dsymutil'
DUMPBIN=''
ECHO_C='\c'
ECHO_N=''
ECHO_T=''
EGREP='/usr/bin/grep -E'
EXEEXT=''
FGREP='/usr/bin/grep -F'
FRONTEND_CFLAGS=' '
FRONTEND_LDADD='-lncurses  -liconv -lm'
FRONTEND_LDFLAGS=' -static'
GREP='/usr/bin/grep'
GTK_CFLAGS=''
GTK_CONFIG='no'
GTK_LIBS=''
HAVE_NASM_FALSE=''
HAVE_NASM_TRUE='#'
INCLUDES='-I$(top_srcdir)/include -I$(srcdir)'
INSTALL_DATA='${INSTALL} -m 644'
INSTALL_PROGRAM='${INSTALL}'
INSTALL_SCRIPT='${INSTALL}'
INSTALL_STRIP_PROGRAM='$(install_sh) -c -s'
LD='/Applications/Xcode.app/Contents/Developer/Toolchains/XcodeDefault.xctoolchain/usr/bin/ld'
LDADD=''
LDFLAGS=''
LIBICONV='-liconv'
LIBOBJS=''
LIBS=''
LIBTOOL='$(SHELL) $(top_builddir)/libtool'
LIBTOOL_DEPS='./ltmain.sh'
LIB_MAJOR_VERSION='0'
LIB_MINOR_VERSION='0'
LIB_WITH_DECODER_FALSE='#'
LIB_WITH_DECODER_TRUE=''
LIPO='lipo'
LN_S='ln -s'
LTLIBICONV='-liconv'
LTLIBOBJS=''
LT_SYS_LIBRARY_PATH=''
MAINT='#'
MAINTAINER_MODE_FALSE=''
MAINTAINER_MODE_TRUE='#'
MAKEDEP='-make'
MAKEINFO='makeinfo'
MANIFEST_TOOL=':'
MKDIR_P='./install-sh -c -d'
NASM='no'
NASM_FORMAT='-f macho'
NM='/usr/bin/nm -B'
NMEDIT='nmedit'
OBJDUMP='objdump'
OBJEXT='o'
OTOOL64=':'
OTOOL='otool'
PACKAGE='lame'
PACKAGE_BUGREPORT='lame-dev@lists.sf.net'
PACKAGE_NAME='lame'
PACKAGE_STRING='lame 3.100'
PACKAGE_TARNAME='lame'
PACKAGE_URL=''
PACKAGE_VERSION='3.100'
PATH_SEPARATOR=':'
PKG_CONFIG=''
PKG_CONFIG_LIBDIR=''
PKG_CONFIG_PATH=''
RANLIB='ranlib'
RM_F='rm -f'
SED='/usr/bin/sed'
SET_MAKE=''
SHELL='/bin/sh'
SNDFILE_CFLAGS=''
SNDFILE_LIBS=''
STRIP='strip'
VERSION='3.100'
WITH_FRONTEND='lame'
WITH_MP3RTP=''
WITH_MP3X=''
WITH_VECTOR_FALSE='#'
WITH_VECTOR_TRUE=''
WITH_XMM_FALSE='#'
WITH_XMM_TRUE=''
ac_ct_AR='ar'
ac_ct_CC='gcc'
ac_ct_DUMPBIN=''
am__EXEEXT_FALSE=''
am__EXEEXT_TRUE='#'
am__fastdepCC_FALSE=''
am__fastdepCC_TRUE='#'
am__include='include'
am__isrc=''
am__leading_dot='.'
am__nodep='_no'
am__quote=''
am__tar='$${TAR-tar} chof - "$$tardir"'
am__untar='$${TAR-tar} xf -'
bindir='${exec_prefix}/bin'
build='x86_64-apple-darwin20.6.0'
build_alias=''
build_cpu='x86_64'
build_os='darwin20.6.0'
build_vendor='apple'
datadir='${datarootdir}'
datarootdir='${prefix}/share'
docdir='${datarootdir}/doc/${PACKAGE_TARNAME}'
dvidir='${docdir}'
exec_prefix='${prefix}'
host='x86_64-apple-darwin20.6.0'
host_alias=''
host_cpu='x86_64'
host_os='darwin20.6.0'
host_vendor='apple'
htmldir='${docdir}'
includedir='${prefix}/include'
infodir='${datarootdir}/info'
install_sh='${SHELL} /Users/BB9z/dev/LAME.xcframework/install-sh'
libdir='${exec_prefix}/lib'
libexecdir='${exec_prefix}/libexec'
localedir='${datarootdir}/locale'
localstatedir='${prefix}/var'
mandir='${datarootdir}/man'
mkdir_p='$(MKDIR_P)'
oldincludedir='/usr/include'
pdfdir='${docdir}'
prefix='/usr/local'
program_transform_name='s,x,x,'
psdir='${docdir}'
sbindir='${exec_prefix}/sbin'
sharedstatedir='${prefix}/com'
sysconfdir='${prefix}/etc'
target_alias=''

## ----------- ##
## confdefs.h. ##
## ----------- ##

/* confdefs.h */
#define PACKAGE_NAME "lame"
#define PACKAGE_TARNAME "lame"
#define PACKAGE_VERSION "3.100"
#define PACKAGE_STRING "lame 3.100"
#define PACKAGE_BUGREPORT "lame-dev@lists.sf.net"
#define PACKAGE_URL ""
#define PACKAGE "lame"
#define VERSION "3.100"
#define STDC_HEADERS 1
#define HAVE_SYS_TYPES_H 1
#define HAVE_SYS_STAT_H 1
#define HAVE_STDLIB_H 1
#define HAVE_STRING_H 1
#define HAVE_MEMORY_H 1
#define HAVE_STRINGS_H 1
#define HAVE_INTTYPES_H 1
#define HAVE_STDINT_H 1
#define HAVE_UNISTD_H 1
#define __EXTENSIONS__ 1
#define _ALL_SOURCE 1
#define _GNU_SOURCE 1
#define _POSIX_PTHREAD_SEMANTICS 1
#define _TANDEM_SOURCE 1
#define HAVE_DLFCN_H 1
#define LT_OBJDIR ".libs/"
#define STDC_HEADERS 1
#define HAVE_ERRNO_H 1
#define HAVE_FCNTL_H 1
#define HAVE_LIMITS_H 1
#define HAVE_STDINT_H 1
#define HAVE_STRING_H 1
#define HAVE_SYS_TIME_H 1
#define HAVE_UNISTD_H 1
#define HAVE_XMMINTRIN_H 1
#define SIZEOF_SHORT 2
#define SIZEOF_UNSIGNED_SHORT 2
#define SIZEOF_INT 4
#define SIZEOF_UNSIGNED_INT 4
#define SIZEOF_LONG 8
#define SIZEOF_UNSIGNED_LONG 8
#define SIZEOF_LONG_LONG 8
#define SIZEOF_UNSIGNED_LONG_LONG 8
#define SIZEOF_FLOAT 4
#define SIZEOF_DOUBLE 8
#define HAVE_LONG_DOUBLE_WIDER 1
#define HAVE_LONG_DOUBLE 1
#define HAVE_UINT8_T 1
#define HAVE_INT8_T 1
#define HAVE_UINT16_T 1
#define HAVE_INT16_T 1
#define HAVE_UINT32_T 1
#define HAVE_INT32_T 1
#define HAVE_UINT64_T 1
#define HAVE_INT64_T 1
#define A_UINT32_T unsigned int
#define A_INT32_T int
#define A_UINT64_T unsigned long
#define A_INT64_T long
#define HAVE_IEEE854_FLOAT80 1
#define LAME_LIBRARY_BUILD 1
#define TIME_WITH_SYS_TIME 1
#define HAVE_ALLOCA_H 1
#define HAVE_ALLOCA 1
#define HAVE_GETTIMEOFDAY 1
#define HAVE_STRTOL 1
#define HAVE_SOCKET 1
#define HAVE_TERMCAP_H 1
#define HAVE_ICONV 1
#define ICONV_CONST 
#define HAVE_MPGLIB 1
#define DECODE_ON_THE_FLY 1
#define HAVE_TERMCAP 1
#define TAKEHIRO_IEEE754_HACK 1
#define USE_FAST_LOG 1

configure: exit 0
